<?xml version="1.0" encoding="UTF-8"?>
<coverage generated="1689733470249" clover="3.2.0">
  <project timestamp="1689733470250" name="All files">
    <metrics statements="425" coveredstatements="330" conditionals="164" coveredconditionals="111" methods="130" coveredmethods="92" elements="719" coveredelements="533" complexity="0" loc="425" ncloc="425" packages="21" files="26" classes="26"/>
    <package name="src">
      <metrics statements="2" coveredstatements="2" conditionals="0" coveredconditionals="0" methods="1" coveredmethods="1"/>
      <file name="App.js" path="D:\Projetos\Recepies-app\src\App.js">
        <metrics statements="2" coveredstatements="2" conditionals="0" coveredconditionals="0" methods="1" coveredmethods="1"/>
        <line num="20" count="33" type="stmt"/>
        <line num="21" count="33" type="stmt"/>
      </file>
    </package>
    <package name="src.Components">
      <metrics statements="62" coveredstatements="55" conditionals="14" coveredconditionals="12" methods="22" coveredmethods="18"/>
      <file name="Category.js" path="D:\Projetos\Recepies-app\src\Components\Category.js">
        <metrics statements="32" coveredstatements="25" conditionals="4" coveredconditionals="2" methods="10" coveredmethods="7"/>
        <line num="9" count="63" type="stmt"/>
        <line num="10" count="63" type="stmt"/>
        <line num="11" count="63" type="stmt"/>
        <line num="12" count="63" type="stmt"/>
        <line num="14" count="63" type="stmt"/>
        <line num="15" count="63" type="stmt"/>
        <line num="16" count="0" type="stmt"/>
        <line num="17" count="0" type="stmt"/>
        <line num="20" count="63" type="stmt"/>
        <line num="25" count="63" type="stmt"/>
        <line num="26" count="20" type="stmt"/>
        <line num="27" count="20" type="stmt"/>
        <line num="28" count="20" type="stmt"/>
        <line num="29" count="15" type="stmt"/>
        <line num="30" count="15" type="stmt"/>
        <line num="31" count="15" type="stmt"/>
        <line num="34" count="63" type="stmt"/>
        <line num="35" count="20" type="stmt"/>
        <line num="38" count="63" type="stmt"/>
        <line num="39" count="2" type="cond" truecount="1" falsecount="1"/>
        <line num="40" count="0" type="stmt"/>
        <line num="41" count="0" type="stmt"/>
        <line num="43" count="0" type="stmt"/>
        <line num="45" count="2" type="stmt"/>
        <line num="46" count="2" type="stmt"/>
        <line num="47" count="2" type="stmt"/>
        <line num="51" count="63" type="stmt"/>
        <line num="52" count="0" type="stmt"/>
        <line num="53" count="0" type="stmt"/>
        <line num="56" count="63" type="stmt"/>
        <line num="84" count="105" type="stmt"/>
        <line num="102" count="9" type="stmt"/>
      </file>
      <file name="Recipes.js" path="D:\Projetos\Recepies-app\src\Components\Recipes.js">
        <metrics statements="18" coveredstatements="18" conditionals="10" coveredconditionals="10" methods="6" coveredmethods="5"/>
        <line num="7" count="64" type="stmt"/>
        <line num="8" count="64" type="stmt"/>
        <line num="10" count="64" type="stmt"/>
        <line num="12" count="64" type="cond" truecount="2" falsecount="0"/>
        <line num="14" count="64" type="stmt"/>
        <line num="15" count="20" type="stmt"/>
        <line num="18" count="64" type="stmt"/>
        <line num="19" count="33" type="stmt"/>
        <line num="20" count="33" type="cond" truecount="4" falsecount="0"/>
        <line num="21" count="33" type="cond" truecount="4" falsecount="0"/>
        <line num="22" count="2" type="stmt"/>
        <line num="23" count="2" type="stmt"/>
        <line num="25" count="31" type="stmt"/>
        <line num="26" count="31" type="stmt"/>
        <line num="29" count="64" type="stmt"/>
        <line num="32" count="150" type="stmt"/>
        <line num="43" count="3" type="stmt"/>
        <line num="63" count="9" type="stmt"/>
      </file>
      <file name="SearchBar.jsx" path="D:\Projetos\Recepies-app\src\Components\SearchBar.jsx">
        <metrics statements="12" coveredstatements="12" conditionals="0" coveredconditionals="0" methods="6" coveredmethods="6"/>
        <line num="5" count="40" type="stmt"/>
        <line num="6" count="40" type="stmt"/>
        <line num="7" count="40" type="stmt"/>
        <line num="9" count="40" type="stmt"/>
        <line num="10" count="26" type="stmt"/>
        <line num="11" count="26" type="stmt"/>
        <line num="13" count="40" type="stmt"/>
        <line num="14" count="40" type="stmt"/>
        <line num="26" count="1" type="stmt"/>
        <line num="37" count="3" type="stmt"/>
        <line num="48" count="1" type="stmt"/>
        <line num="65" count="3" type="stmt"/>
      </file>
    </package>
    <package name="src.Components.Footer">
      <metrics statements="9" coveredstatements="9" conditionals="4" coveredconditionals="4" methods="3" coveredmethods="3"/>
      <file name="Footer.jsx" path="D:\Projetos\Recepies-app\src\Components\Footer\Footer.jsx">
        <metrics statements="9" coveredstatements="9" conditionals="4" coveredconditionals="4" methods="3" coveredmethods="3"/>
        <line num="11" count="89" type="stmt"/>
        <line num="12" count="89" type="stmt"/>
        <line num="14" count="89" type="stmt"/>
        <line num="15" count="44" type="stmt"/>
        <line num="16" count="44" type="stmt"/>
        <line num="19" count="89" type="stmt"/>
        <line num="20" count="44" type="stmt"/>
        <line num="22" count="89" type="stmt"/>
        <line num="68" count="9" type="stmt"/>
      </file>
    </package>
    <package name="src.Components.Header">
      <metrics statements="12" coveredstatements="12" conditionals="12" coveredconditionals="12" methods="3" coveredmethods="3"/>
      <file name="Header.jsx" path="D:\Projetos\Recepies-app\src\Components\Header\Header.jsx">
        <metrics statements="12" coveredstatements="12" conditionals="12" coveredconditionals="12" methods="3" coveredmethods="3"/>
        <line num="12" count="104" type="stmt"/>
        <line num="13" count="104" type="stmt"/>
        <line num="14" count="104" type="stmt"/>
        <line num="16" count="104" type="stmt"/>
        <line num="17" count="56" type="cond" truecount="2" falsecount="0"/>
        <line num="18" count="56" type="stmt"/>
        <line num="19" count="56" type="stmt"/>
        <line num="20" count="56" type="stmt"/>
        <line num="23" count="104" type="stmt"/>
        <line num="55" count="5" type="stmt"/>
        <line num="69" count="9" type="stmt"/>
        <line num="75" count="9" type="stmt"/>
      </file>
    </package>
    <package name="src.Components.RecepiesInPro">
      <metrics statements="40" coveredstatements="15" conditionals="24" coveredconditionals="5" methods="11" coveredmethods="4"/>
      <file name="RecepiesInProg.js" path="D:\Projetos\Recepies-app\src\Components\RecepiesInPro\RecepiesInProg.js">
        <metrics statements="40" coveredstatements="15" conditionals="24" coveredconditionals="5" methods="11" coveredmethods="4"/>
        <line num="15" count="3" type="stmt"/>
        <line num="17" count="3" type="stmt"/>
        <line num="18" count="3" type="stmt"/>
        <line num="20" count="3" type="stmt"/>
        <line num="21" count="3" type="cond" truecount="2" falsecount="0"/>
        <line num="22" count="3" type="cond" truecount="2" falsecount="2"/>
        <line num="23" count="0" type="stmt"/>
        <line num="24" count="0" type="stmt"/>
        <line num="25" count="0" type="stmt"/>
        <line num="26" count="0" type="stmt"/>
        <line num="27" count="0" type="stmt"/>
        <line num="32" count="3" type="stmt"/>
        <line num="33" count="3" type="stmt"/>
        <line num="36" count="3" type="stmt"/>
        <line num="37" count="3" type="cond" truecount="1" falsecount="1"/>
        <line num="38" count="0" type="cond" truecount="0" falsecount="2"/>
        <line num="39" count="0" type="stmt"/>
        <line num="41" count="0" type="stmt"/>
        <line num="48" count="3" type="stmt"/>
        <line num="49" count="0" type="stmt"/>
        <line num="50" count="0" type="cond" truecount="0" falsecount="2"/>
        <line num="51" count="0" type="stmt"/>
        <line num="52" count="0" type="stmt"/>
        <line num="54" count="0" type="stmt"/>
        <line num="55" count="0" type="stmt"/>
        <line num="59" count="3" type="stmt"/>
        <line num="60" count="0" type="stmt"/>
        <line num="61" count="0" type="stmt"/>
        <line num="64" count="3" type="stmt"/>
        <line num="65" count="0" type="stmt"/>
        <line num="66" count="0" type="cond" truecount="0" falsecount="2"/>
        <line num="67" count="0" type="cond" truecount="0" falsecount="2"/>
        <line num="68" count="0" type="cond" truecount="0" falsecount="2"/>
        <line num="69" count="0" type="stmt"/>
        <line num="80" count="0" type="cond" truecount="0" falsecount="2"/>
        <line num="81" count="0" type="stmt"/>
        <line num="82" count="0" type="stmt"/>
        <line num="85" count="3" type="stmt"/>
        <line num="95" count="0" type="stmt"/>
        <line num="140" count="9" type="stmt"/>
      </file>
    </package>
    <package name="src.Components.RecipesDetails">
      <metrics statements="61" coveredstatements="54" conditionals="38" coveredconditionals="30" methods="15" coveredmethods="12"/>
      <file name="Carousel.js" path="D:\Projetos\Recepies-app\src\Components\RecipesDetails\Carousel.js">
        <metrics statements="3" coveredstatements="3" conditionals="2" coveredconditionals="2" methods="2" coveredmethods="2"/>
        <line num="7" count="30" type="stmt"/>
        <line num="29" count="6" type="stmt"/>
        <line num="48" count="9" type="stmt"/>
      </file>
      <file name="Instruction.js" path="D:\Projetos\Recepies-app\src\Components\RecipesDetails\Instruction.js">
        <metrics statements="10" coveredstatements="7" conditionals="8" coveredconditionals="4" methods="3" coveredmethods="3"/>
        <line num="6" count="30" type="stmt"/>
        <line num="7" count="30" type="stmt"/>
        <line num="9" count="30" type="stmt"/>
        <line num="10" count="16" type="cond" truecount="3" falsecount="1"/>
        <line num="11" count="0" type="stmt"/>
        <line num="12" count="0" type="stmt"/>
        <line num="13" count="0" type="stmt"/>
        <line num="17" count="30" type="stmt"/>
        <line num="33" count="12" type="stmt"/>
        <line num="81" count="9" type="stmt"/>
      </file>
      <file name="RecipeDetails.js" path="D:\Projetos\Recepies-app\src\Components\RecipesDetails\RecipeDetails.js">
        <metrics statements="26" coveredstatements="26" conditionals="10" coveredconditionals="9" methods="4" coveredmethods="4"/>
        <line num="19" count="31" type="stmt"/>
        <line num="20" count="31" type="stmt"/>
        <line num="21" count="31" type="stmt"/>
        <line num="22" count="31" type="stmt"/>
        <line num="23" count="31" type="stmt"/>
        <line num="24" count="31" type="stmt"/>
        <line num="26" count="31" type="stmt"/>
        <line num="28" count="31" type="stmt"/>
        <line num="29" count="15" type="cond" truecount="2" falsecount="0"/>
        <line num="30" count="14" type="cond" truecount="2" falsecount="0"/>
        <line num="31" count="7" type="stmt"/>
        <line num="32" count="7" type="stmt"/>
        <line num="34" count="7" type="stmt"/>
        <line num="35" count="7" type="stmt"/>
        <line num="37" count="14" type="stmt"/>
        <line num="38" count="14" type="stmt"/>
        <line num="39" count="14" type="stmt"/>
        <line num="40" count="8" type="cond" truecount="2" falsecount="0"/>
        <line num="42" count="8" type="stmt"/>
        <line num="43" count="8" type="cond" truecount="2" falsecount="0"/>
        <line num="44" count="3" type="stmt"/>
        <line num="46" count="5" type="stmt"/>
        <line num="49" count="14" type="stmt"/>
        <line num="53" count="31" type="stmt"/>
        <line num="89" count="3" type="stmt"/>
        <line num="96" count="9" type="stmt"/>
      </file>
      <file name="RecipesCard.js" path="D:\Projetos\Recepies-app\src\Components\RecipesDetails\RecipesCard.js">
        <metrics statements="22" coveredstatements="18" conditionals="18" coveredconditionals="15" methods="6" coveredmethods="3"/>
        <line num="7" count="35" type="stmt"/>
        <line num="9" count="35" type="stmt"/>
        <line num="10" count="1" type="cond" truecount="1" falsecount="1"/>
        <line num="11" count="1" type="cond" truecount="1" falsecount="1"/>
        <line num="12" count="1" type="stmt"/>
        <line num="22" count="1" type="cond" truecount="2" falsecount="0"/>
        <line num="23" count="1" type="stmt"/>
        <line num="25" count="1" type="cond" truecount="1" falsecount="1"/>
        <line num="26" count="0" type="stmt"/>
        <line num="27" count="0" type="stmt"/>
        <line num="29" count="0" type="stmt"/>
        <line num="31" count="0" type="stmt"/>
        <line num="33" count="1" type="stmt"/>
        <line num="35" count="1" type="stmt"/>
        <line num="39" count="35" type="stmt"/>
        <line num="40" count="31" type="cond" truecount="2" falsecount="0"/>
        <line num="41" count="31" type="stmt"/>
        <line num="42" count="31" type="stmt"/>
        <line num="45" count="35" type="cond" truecount="2" falsecount="0"/>
        <line num="48" count="35" type="stmt"/>
        <line num="113" count="9" type="stmt"/>
        <line num="116" count="9" type="stmt"/>
      </file>
    </package>
    <package name="src.Components.Review.setReview">
      <metrics statements="32" coveredstatements="14" conditionals="16" coveredconditionals="4" methods="7" coveredmethods="2"/>
      <file name="Review.jsx" path="D:\Projetos\Recepies-app\src\Components\Review\setReview\Review.jsx">
        <metrics statements="32" coveredstatements="14" conditionals="16" coveredconditionals="4" methods="7" coveredmethods="2"/>
        <line num="7" count="8" type="stmt"/>
        <line num="8" count="8" type="stmt"/>
        <line num="9" count="8" type="stmt"/>
        <line num="10" count="8" type="stmt"/>
        <line num="12" count="8" type="stmt"/>
        <line num="13" count="0" type="stmt"/>
        <line num="14" count="0" type="stmt"/>
        <line num="15" count="0" type="stmt"/>
        <line num="21" count="0" type="stmt"/>
        <line num="22" count="0" type="cond" truecount="0" falsecount="2"/>
        <line num="23" count="0" type="stmt"/>
        <line num="24" count="0" type="stmt"/>
        <line num="27" count="8" type="stmt"/>
        <line num="28" count="0" type="stmt"/>
        <line num="29" count="0" type="stmt"/>
        <line num="30" count="0" type="stmt"/>
        <line num="31" count="0" type="cond" truecount="0" falsecount="4"/>
        <line num="32" count="0" type="stmt"/>
        <line num="36" count="8" type="stmt"/>
        <line num="37" count="0" type="stmt"/>
        <line num="38" count="0" type="stmt"/>
        <line num="39" count="0" type="cond" truecount="0" falsecount="4"/>
        <line num="40" count="0" type="stmt"/>
        <line num="43" count="8" type="stmt"/>
        <line num="44" count="0" type="stmt"/>
        <line num="46" count="8" type="stmt"/>
        <line num="47" count="6" type="stmt"/>
        <line num="48" count="6" type="cond" truecount="2" falsecount="0"/>
        <line num="49" count="6" type="cond" truecount="1" falsecount="1"/>
        <line num="50" count="0" type="stmt"/>
        <line num="54" count="8" type="stmt"/>
        <line num="124" count="9" type="stmt"/>
      </file>
    </package>
    <package name="src.Components.Review.showReview">
      <metrics statements="12" coveredstatements="9" conditionals="6" coveredconditionals="4" methods="5" coveredmethods="2"/>
      <file name="ShowReview.jsx" path="D:\Projetos\Recepies-app\src\Components\Review\showReview\ShowReview.jsx">
        <metrics statements="12" coveredstatements="9" conditionals="6" coveredconditionals="4" methods="5" coveredmethods="2"/>
        <line num="7" count="30" type="stmt"/>
        <line num="8" count="30" type="stmt"/>
        <line num="10" count="30" type="stmt"/>
        <line num="11" count="13" type="stmt"/>
        <line num="12" count="13" type="cond" truecount="2" falsecount="0"/>
        <line num="13" count="13" type="stmt"/>
        <line num="14" count="13" type="cond" truecount="1" falsecount="1"/>
        <line num="15" count="0" type="stmt"/>
        <line num="19" count="30" type="stmt"/>
        <line num="22" count="0" type="stmt"/>
        <line num="25" count="0" type="stmt"/>
        <line num="38" count="9" type="stmt"/>
      </file>
    </package>
    <package name="src.Context">
      <metrics statements="38" coveredstatements="36" conditionals="16" coveredconditionals="13" methods="11" coveredmethods="11"/>
      <file name="Context.js" path="D:\Projetos\Recepies-app\src\Context\Context.js">
        <metrics statements="38" coveredstatements="36" conditionals="16" coveredconditionals="13" methods="11" coveredmethods="11"/>
        <line num="4" count="9" type="stmt"/>
        <line num="6" count="116" type="stmt"/>
        <line num="7" count="116" type="stmt"/>
        <line num="8" count="116" type="stmt"/>
        <line num="9" count="116" type="stmt"/>
        <line num="10" count="116" type="stmt"/>
        <line num="11" count="116" type="stmt"/>
        <line num="12" count="56" type="stmt"/>
        <line num="13" count="40" type="stmt"/>
        <line num="14" count="40" type="cond" truecount="2" falsecount="0"/>
        <line num="16" count="116" type="stmt"/>
        <line num="17" count="41" type="stmt"/>
        <line num="18" count="17" type="stmt"/>
        <line num="22" count="17" type="stmt"/>
        <line num="23" count="17" type="stmt"/>
        <line num="24" count="14" type="stmt"/>
        <line num="25" count="14" type="stmt"/>
        <line num="26" count="14" type="stmt"/>
        <line num="27" count="726" type="cond" truecount="2" falsecount="0"/>
        <line num="29" count="14" type="stmt"/>
        <line num="30" count="726" type="cond" truecount="3" falsecount="0"/>
        <line num="32" count="14" type="stmt"/>
        <line num="33" count="87" type="cond" truecount="2" falsecount="0"/>
        <line num="34" count="87" type="stmt"/>
        <line num="35" count="14" type="stmt"/>
        <line num="39" count="116" type="cond" truecount="1" falsecount="0"/>
        <line num="40" count="39" type="stmt"/>
        <line num="56" count="39" type="stmt"/>
        <line num="57" count="39" type="cond" truecount="2" falsecount="2"/>
        <line num="58" count="0" type="stmt"/>
        <line num="60" count="39" type="stmt"/>
        <line num="61" count="26" type="cond" truecount="1" falsecount="1"/>
        <line num="62" count="0" type="stmt"/>
        <line num="64" count="26" type="stmt"/>
        <line num="67" count="116" type="stmt"/>
        <line num="68" count="87" type="stmt"/>
        <line num="83" count="116" type="stmt"/>
        <line num="85" count="9" type="stmt"/>
      </file>
    </package>
    <package name="src.Pages">
      <metrics statements="0" coveredstatements="0" conditionals="0" coveredconditionals="0" methods="0" coveredmethods="0"/>
      <file name="index.js" path="D:\Projetos\Recepies-app\src\Pages\index.js">
        <metrics statements="0" coveredstatements="0" conditionals="0" coveredconditionals="0" methods="0" coveredmethods="0"/>
      </file>
    </package>
    <package name="src.Pages.DetailsDrinks">
      <metrics statements="2" coveredstatements="2" conditionals="0" coveredconditionals="0" methods="1" coveredmethods="1"/>
      <file name="DetailsDrinks.jsx" path="D:\Projetos\Recepies-app\src\Pages\DetailsDrinks\DetailsDrinks.jsx">
        <metrics statements="2" coveredstatements="2" conditionals="0" coveredconditionals="0" methods="1" coveredmethods="1"/>
        <line num="7" count="6" type="stmt"/>
        <line num="15" count="9" type="stmt"/>
      </file>
    </package>
    <package name="src.Pages.DetailsMeals">
      <metrics statements="2" coveredstatements="2" conditionals="0" coveredconditionals="0" methods="1" coveredmethods="1"/>
      <file name="DetailsMeals.jsx" path="D:\Projetos\Recepies-app\src\Pages\DetailsMeals\DetailsMeals.jsx">
        <metrics statements="2" coveredstatements="2" conditionals="0" coveredconditionals="0" methods="1" coveredmethods="1"/>
        <line num="7" count="7" type="stmt"/>
        <line num="15" count="9" type="stmt"/>
      </file>
    </package>
    <package name="src.Pages.DoneRecipes">
      <metrics statements="34" coveredstatements="34" conditionals="8" coveredconditionals="7" methods="16" coveredmethods="14"/>
      <file name="DoneRecipes.jsx" path="D:\Projetos\Recepies-app\src\Pages\DoneRecipes\DoneRecipes.jsx">
        <metrics statements="34" coveredstatements="34" conditionals="8" coveredconditionals="7" methods="16" coveredmethods="14"/>
        <line num="15" count="23" type="stmt"/>
        <line num="16" count="23" type="stmt"/>
        <line num="17" count="23" type="stmt"/>
        <line num="19" count="23" type="stmt"/>
        <line num="20" count="28" type="cond" truecount="1" falsecount="1"/>
        <line num="21" count="28" type="stmt"/>
        <line num="25" count="23" type="stmt"/>
        <line num="26" count="7" type="stmt"/>
        <line num="27" count="7" type="cond" truecount="4" falsecount="0"/>
        <line num="28" count="4" type="stmt"/>
        <line num="29" count="4" type="stmt"/>
        <line num="31" count="3" type="stmt"/>
        <line num="32" count="3" type="stmt"/>
        <line num="34" count="7" type="stmt"/>
        <line num="36" count="23" type="stmt"/>
        <line num="37" count="1" type="stmt"/>
        <line num="39" count="23" type="stmt"/>
        <line num="40" count="1" type="stmt"/>
        <line num="41" count="2" type="stmt"/>
        <line num="42" count="1" type="stmt"/>
        <line num="44" count="23" type="stmt"/>
        <line num="45" count="2" type="stmt"/>
        <line num="46" count="1" type="stmt"/>
        <line num="49" count="23" type="stmt"/>
        <line num="50" count="7" type="stmt"/>
        <line num="51" count="7" type="stmt"/>
        <line num="54" count="23" type="stmt"/>
        <line num="55" count="14" type="stmt"/>
        <line num="57" count="23" type="stmt"/>
        <line num="103" count="14" type="stmt"/>
        <line num="115" count="2" type="stmt"/>
        <line num="147" count="1" type="stmt"/>
        <line num="189" count="14" type="stmt"/>
        <line num="209" count="9" type="stmt"/>
      </file>
    </package>
    <package name="src.Pages.Drinks">
      <metrics statements="2" coveredstatements="2" conditionals="0" coveredconditionals="0" methods="1" coveredmethods="1"/>
      <file name="Drinks.jsx" path="D:\Projetos\Recepies-app\src\Pages\Drinks\Drinks.jsx">
        <metrics statements="2" coveredstatements="2" conditionals="0" coveredconditionals="0" methods="1" coveredmethods="1"/>
        <line num="11" count="8" type="stmt"/>
        <line num="21" count="9" type="stmt"/>
      </file>
    </package>
    <package name="src.Pages.FavoriteRecipes">
      <metrics statements="40" coveredstatements="23" conditionals="10" coveredconditionals="5" methods="17" coveredmethods="5"/>
      <file name="FavoriteRecipes.jsx" path="D:\Projetos\Recepies-app\src\Pages\FavoriteRecipes\FavoriteRecipes.jsx">
        <metrics statements="40" coveredstatements="23" conditionals="10" coveredconditionals="5" methods="17" coveredmethods="5"/>
        <line num="15" count="3" type="stmt"/>
        <line num="16" count="3" type="stmt"/>
        <line num="17" count="3" type="stmt"/>
        <line num="19" count="3" type="stmt"/>
        <line num="20" count="0" type="stmt"/>
        <line num="21" count="0" type="cond" truecount="0" falsecount="2"/>
        <line num="22" count="0" type="stmt"/>
        <line num="23" count="0" type="stmt"/>
        <line num="24" count="0" type="stmt"/>
        <line num="25" count="0" type="stmt"/>
        <line num="27" count="3" type="stmt"/>
        <line num="28" count="4" type="cond" truecount="1" falsecount="1"/>
        <line num="29" count="4" type="stmt"/>
        <line num="32" count="3" type="stmt"/>
        <line num="33" count="1" type="stmt"/>
        <line num="34" count="1" type="cond" truecount="2" falsecount="2"/>
        <line num="35" count="1" type="stmt"/>
        <line num="36" count="1" type="stmt"/>
        <line num="38" count="0" type="stmt"/>
        <line num="39" count="0" type="stmt"/>
        <line num="41" count="1" type="stmt"/>
        <line num="43" count="3" type="stmt"/>
        <line num="44" count="0" type="stmt"/>
        <line num="46" count="3" type="stmt"/>
        <line num="47" count="0" type="stmt"/>
        <line num="48" count="0" type="stmt"/>
        <line num="49" count="0" type="stmt"/>
        <line num="51" count="3" type="stmt"/>
        <line num="52" count="0" type="stmt"/>
        <line num="53" count="0" type="stmt"/>
        <line num="55" count="3" type="stmt"/>
        <line num="56" count="1" type="stmt"/>
        <line num="57" count="1" type="stmt"/>
        <line num="60" count="3" type="stmt"/>
        <line num="61" count="2" type="stmt"/>
        <line num="64" count="3" type="stmt"/>
        <line num="105" count="0" type="stmt"/>
        <line num="117" count="0" type="stmt"/>
        <line num="149" count="0" type="stmt"/>
        <line num="212" count="9" type="stmt"/>
      </file>
    </package>
    <package name="src.Pages.Login">
      <metrics statements="41" coveredstatements="29" conditionals="12" coveredconditionals="12" methods="4" coveredmethods="3"/>
      <file name="Login.jsx" path="D:\Projetos\Recepies-app\src\Pages\Login\Login.jsx">
        <metrics statements="41" coveredstatements="29" conditionals="12" coveredconditionals="12" methods="4" coveredmethods="3"/>
        <line num="16" count="47" type="stmt"/>
        <line num="17" count="47" type="stmt"/>
        <line num="18" count="47" type="stmt"/>
        <line num="19" count="47" type="stmt"/>
        <line num="21" count="47" type="stmt"/>
        <line num="22" count="47" type="stmt"/>
        <line num="23" count="0" type="stmt"/>
        <line num="24" count="0" type="stmt"/>
        <line num="25" count="0" type="stmt"/>
        <line num="29" count="0" type="stmt"/>
        <line num="30" count="0" type="stmt"/>
        <line num="31" count="0" type="stmt"/>
        <line num="33" count="0" type="stmt"/>
        <line num="37" count="47" type="stmt"/>
        <line num="38" count="2" type="stmt"/>
        <line num="39" count="2" type="stmt"/>
        <line num="40" count="2" type="stmt"/>
        <line num="41" count="0" type="stmt"/>
        <line num="42" count="0" type="stmt"/>
        <line num="43" count="0" type="stmt"/>
        <line num="47" count="0" type="stmt"/>
        <line num="48" count="0" type="stmt"/>
        <line num="50" count="47" type="stmt"/>
        <line num="51" count="44" type="stmt"/>
        <line num="52" count="44" type="stmt"/>
        <line num="53" count="44" type="stmt"/>
        <line num="54" count="44" type="stmt"/>
        <line num="55" count="44" type="stmt"/>
        <line num="56" count="44" type="cond" truecount="2" falsecount="0"/>
        <line num="57" count="30" type="stmt"/>
        <line num="58" count="30" type="cond" truecount="2" falsecount="0"/>
        <line num="59" count="30" type="stmt"/>
        <line num="60" count="44" type="cond" truecount="2" falsecount="0"/>
        <line num="61" count="14" type="stmt"/>
        <line num="62" count="14" type="stmt"/>
        <line num="63" count="14" type="cond" truecount="2" falsecount="0"/>
        <line num="65" count="44" type="cond" truecount="4" falsecount="0"/>
        <line num="66" count="4" type="stmt"/>
        <line num="68" count="40" type="stmt"/>
        <line num="72" count="47" type="stmt"/>
        <line num="131" count="9" type="stmt"/>
      </file>
    </package>
    <package name="src.Pages.Meals">
      <metrics statements="2" coveredstatements="2" conditionals="0" coveredconditionals="0" methods="1" coveredmethods="1"/>
      <file name="Meals.jsx" path="D:\Projetos\Recepies-app\src\Pages\Meals\Meals.jsx">
        <metrics statements="2" coveredstatements="2" conditionals="0" coveredconditionals="0" methods="1" coveredmethods="1"/>
        <line num="11" count="12" type="stmt"/>
        <line num="21" count="9" type="stmt"/>
      </file>
    </package>
    <package name="src.Pages.Profile">
      <metrics statements="26" coveredstatements="22" conditionals="4" coveredconditionals="3" methods="9" coveredmethods="8"/>
      <file name="Profile.jsx" path="D:\Projetos\Recepies-app\src\Pages\Profile\Profile.jsx">
        <metrics statements="26" coveredstatements="22" conditionals="4" coveredconditionals="3" methods="9" coveredmethods="8"/>
        <line num="13" count="18" type="stmt"/>
        <line num="14" count="18" type="stmt"/>
        <line num="15" count="18" type="stmt"/>
        <line num="17" count="18" type="stmt"/>
        <line num="18" count="9" type="stmt"/>
        <line num="19" count="9" type="cond" truecount="1" falsecount="1"/>
        <line num="20" count="9" type="stmt"/>
        <line num="22" count="0" type="stmt"/>
        <line num="23" count="0" type="stmt"/>
        <line num="24" count="0" type="stmt"/>
        <line num="28" count="18" type="stmt"/>
        <line num="30" count="1" type="stmt"/>
        <line num="31" count="1" type="stmt"/>
        <line num="32" count="1" type="stmt"/>
        <line num="35" count="18" type="stmt"/>
        <line num="36" count="9" type="stmt"/>
        <line num="38" count="18" type="stmt"/>
        <line num="68" count="2" type="stmt"/>
        <line num="78" count="1" type="stmt"/>
        <line num="90" count="1" type="stmt"/>
        <line num="91" count="1" type="stmt"/>
        <line num="92" count="1" type="stmt"/>
        <line num="93" count="1" type="stmt"/>
        <line num="95" count="0" type="stmt"/>
        <line num="97" count="1" type="stmt"/>
        <line num="106" count="9" type="stmt"/>
      </file>
    </package>
    <package name="src.Pages.RecipeDrinks">
      <metrics statements="2" coveredstatements="2" conditionals="0" coveredconditionals="0" methods="1" coveredmethods="1"/>
      <file name="RecipeDrinks.jsx" path="D:\Projetos\Recepies-app\src\Pages\RecipeDrinks\RecipeDrinks.jsx">
        <metrics statements="2" coveredstatements="2" conditionals="0" coveredconditionals="0" methods="1" coveredmethods="1"/>
        <line num="8" count="2" type="stmt"/>
        <line num="16" count="9" type="stmt"/>
      </file>
    </package>
    <package name="src.Pages.RecipeMeals">
      <metrics statements="2" coveredstatements="2" conditionals="0" coveredconditionals="0" methods="1" coveredmethods="1"/>
      <file name="RecipeMeals.jsx" path="D:\Projetos\Recepies-app\src\Pages\RecipeMeals\RecipeMeals.jsx">
        <metrics statements="2" coveredstatements="2" conditionals="0" coveredconditionals="0" methods="1" coveredmethods="1"/>
        <line num="8" count="1" type="stmt"/>
        <line num="16" count="9" type="stmt"/>
      </file>
    </package>
    <package name="src.utils">
      <metrics statements="4" coveredstatements="4" conditionals="0" coveredconditionals="0" methods="0" coveredmethods="0"/>
      <file name="firebase.js" path="D:\Projetos\Recepies-app\src\utils\firebase.js">
        <metrics statements="4" coveredstatements="4" conditionals="0" coveredconditionals="0" methods="0" coveredmethods="0"/>
        <line num="10" count="9" type="stmt"/>
        <line num="21" count="9" type="stmt"/>
        <line num="23" count="9" type="stmt"/>
        <line num="24" count="9" type="stmt"/>
      </file>
    </package>
  </project>
</coverage>
