{"D:\\Projetos\\Recepies-app\\src\\App.js": {"path":"D:\\Projetos\\Recepies-app\\src\\App.js","statementMap":{"0":{"start":{"line":20,"column":2},"end":{"line":20,"column":13}},"1":{"start":{"line":21,"column":2},"end":{"line":34,"column":4}}},"fnMap":{"0":{"name":"App","decl":{"start":{"line":19,"column":9},"end":{"line":19,"column":12}},"loc":{"start":{"line":19,"column":15},"end":{"line":35,"column":1}},"line":19}},"branchMap":{},"s":{"0":33,"1":33},"f":{"0":33},"b":{},"_coverageSchema":"1a1c01bbd47fc00a2c39e90264f33305004495a9","hash":"d9441975cf472d54c3d96391e226b9f77efacd6e"}
,"D:\\Projetos\\Recepies-app\\src\\Components\\Category.js": {"path":"D:\\Projetos\\Recepies-app\\src\\Components\\Category.js","statementMap":{"0":{"start":{"line":9,"column":38},"end":{"line":9,"column":50}},"1":{"start":{"line":10,"column":42},"end":{"line":10,"column":54}},"2":{"start":{"line":11,"column":32},"end":{"line":11,"column":47}},"3":{"start":{"line":12,"column":26},"end":{"line":12,"column":40}},"4":{"start":{"line":14,"column":47},"end":{"line":14,"column":66}},"5":{"start":{"line":15,"column":23},"end":{"line":18,"column":3}},"6":{"start":{"line":16,"column":4},"end":{"line":16,"column":25}},"7":{"start":{"line":17,"column":4},"end":{"line":17,"column":19}},"8":{"start":{"line":20,"column":15},"end":{"line":23,"column":9}},"9":{"start":{"line":20,"column":30},"end":{"line":23,"column":3}},"10":{"start":{"line":25,"column":24},"end":{"line":32,"column":18}},"11":{"start":{"line":25,"column":38},"end":{"line":32,"column":3}},"12":{"start":{"line":26,"column":27},"end":{"line":26,"column":28}},"13":{"start":{"line":27,"column":16},"end":{"line":27,"column":26}},"14":{"start":{"line":28,"column":21},"end":{"line":28,"column":37}},"15":{"start":{"line":29,"column":22},"end":{"line":29,"column":43}},"16":{"start":{"line":30,"column":23},"end":{"line":30,"column":63}},"17":{"start":{"line":31,"column":4},"end":{"line":31,"column":30}},"18":{"start":{"line":34,"column":2},"end":{"line":36,"column":22}},"19":{"start":{"line":35,"column":4},"end":{"line":35,"column":20}},"20":{"start":{"line":38,"column":22},"end":{"line":49,"column":3}},"21":{"start":{"line":39,"column":4},"end":{"line":48,"column":5}},"22":{"start":{"line":40,"column":6},"end":{"line":42,"column":9}},"23":{"start":{"line":41,"column":8},"end":{"line":41,"column":33}},"24":{"start":{"line":43,"column":6},"end":{"line":43,"column":26}},"25":{"start":{"line":45,"column":6},"end":{"line":45,"column":49}},"26":{"start":{"line":46,"column":6},"end":{"line":46,"column":30}},"27":{"start":{"line":47,"column":6},"end":{"line":47,"column":33}},"28":{"start":{"line":51,"column":20},"end":{"line":54,"column":3}},"29":{"start":{"line":52,"column":4},"end":{"line":52,"column":35}},"30":{"start":{"line":53,"column":4},"end":{"line":53,"column":29}},"31":{"start":{"line":56,"column":2},"end":{"line":99,"column":4}},"32":{"start":{"line":84,"column":10},"end":{"line":95,"column":19}},"33":{"start":{"line":102,"column":0},"end":{"line":104,"column":13}}},"fnMap":{"0":{"name":"Category","decl":{"start":{"line":8,"column":9},"end":{"line":8,"column":17}},"loc":{"start":{"line":8,"column":28},"end":{"line":100,"column":1}},"line":8},"1":{"name":"(anonymous_1)","decl":{"start":{"line":15,"column":23},"end":{"line":15,"column":24}},"loc":{"start":{"line":15,"column":29},"end":{"line":18,"column":3}},"line":15},"2":{"name":"(anonymous_2)","decl":{"start":{"line":20,"column":23},"end":{"line":20,"column":24}},"loc":{"start":{"line":20,"column":30},"end":{"line":23,"column":3}},"line":20},"3":{"name":"(anonymous_3)","decl":{"start":{"line":25,"column":32},"end":{"line":25,"column":33}},"loc":{"start":{"line":25,"column":38},"end":{"line":32,"column":3}},"line":25},"4":{"name":"(anonymous_4)","decl":{"start":{"line":25,"column":38},"end":{"line":25,"column":39}},"loc":{"start":{"line":25,"column":50},"end":{"line":32,"column":3}},"line":25},"5":{"name":"(anonymous_5)","decl":{"start":{"line":34,"column":12},"end":{"line":34,"column":13}},"loc":{"start":{"line":34,"column":18},"end":{"line":36,"column":3}},"line":34},"6":{"name":"(anonymous_6)","decl":{"start":{"line":38,"column":22},"end":{"line":38,"column":23}},"loc":{"start":{"line":38,"column":38},"end":{"line":49,"column":3}},"line":38},"7":{"name":"(anonymous_7)","decl":{"start":{"line":40,"column":42},"end":{"line":40,"column":43}},"loc":{"start":{"line":40,"column":48},"end":{"line":42,"column":7}},"line":40},"8":{"name":"(anonymous_8)","decl":{"start":{"line":51,"column":20},"end":{"line":51,"column":21}},"loc":{"start":{"line":51,"column":26},"end":{"line":54,"column":3}},"line":51},"9":{"name":"(anonymous_9)","decl":{"start":{"line":82,"column":23},"end":{"line":82,"column":24}},"loc":{"start":{"line":84,"column":10},"end":{"line":95,"column":19}},"line":84}},"branchMap":{"0":{"loc":{"start":{"line":39,"column":4},"end":{"line":48,"column":5}},"type":"if","locations":[{"start":{"line":39,"column":4},"end":{"line":48,"column":5}},{"start":{"line":44,"column":11},"end":{"line":48,"column":5}}],"line":39},"1":{"loc":{"start":{"line":58,"column":7},"end":{"line":68,"column":8}},"type":"cond-expr","locations":[{"start":{"line":58,"column":15},"end":{"line":63,"column":8}},{"start":{"line":63,"column":11},"end":{"line":68,"column":8}}],"line":58}},"s":{"0":63,"1":63,"2":63,"3":63,"4":63,"5":63,"6":0,"7":0,"8":63,"9":20,"10":63,"11":20,"12":20,"13":20,"14":20,"15":15,"16":15,"17":15,"18":63,"19":20,"20":63,"21":2,"22":0,"23":0,"24":0,"25":2,"26":2,"27":2,"28":63,"29":0,"30":0,"31":63,"32":105,"33":9},"f":{"0":63,"1":0,"2":20,"3":20,"4":20,"5":20,"6":2,"7":0,"8":0,"9":105},"b":{"0":[0,2],"1":[0,63]},"_coverageSchema":"1a1c01bbd47fc00a2c39e90264f33305004495a9","hash":"d771a5e29f4eb1da60c886095c7e9b64b3e43038"}
,"D:\\Projetos\\Recepies-app\\src\\Components\\Recipes.js": {"path":"D:\\Projetos\\Recepies-app\\src\\Components\\Recipes.js","statementMap":{"0":{"start":{"line":7,"column":25},"end":{"line":7,"column":27}},"1":{"start":{"line":8,"column":53},"end":{"line":8,"column":72}},"2":{"start":{"line":10,"column":34},"end":{"line":10,"column":46}},"3":{"start":{"line":12,"column":14},"end":{"line":12,"column":49}},"4":{"start":{"line":14,"column":2},"end":{"line":16,"column":28}},"5":{"start":{"line":15,"column":4},"end":{"line":15,"column":35}},"6":{"start":{"line":18,"column":2},"end":{"line":28,"column":52}},"7":{"start":{"line":19,"column":21},"end":{"line":19,"column":39}},"8":{"start":{"line":20,"column":18},"end":{"line":20,"column":77}},"9":{"start":{"line":21,"column":4},"end":{"line":27,"column":5}},"10":{"start":{"line":22,"column":24},"end":{"line":22,"column":47}},"11":{"start":{"line":23,"column":6},"end":{"line":23,"column":44}},"12":{"start":{"line":25,"column":23},"end":{"line":25,"column":53}},"13":{"start":{"line":26,"column":6},"end":{"line":26,"column":28}},"14":{"start":{"line":29,"column":2},"end":{"line":60,"column":4}},"15":{"start":{"line":32,"column":8},"end":{"line":57,"column":14}},"16":{"start":{"line":43,"column":26},"end":{"line":43,"column":70}},"17":{"start":{"line":63,"column":0},"end":{"line":68,"column":13}}},"fnMap":{"0":{"name":"Recipes","decl":{"start":{"line":6,"column":9},"end":{"line":6,"column":16}},"loc":{"start":{"line":6,"column":36},"end":{"line":61,"column":1}},"line":6},"1":{"name":"(anonymous_1)","decl":{"start":{"line":14,"column":12},"end":{"line":14,"column":13}},"loc":{"start":{"line":14,"column":18},"end":{"line":16,"column":3}},"line":14},"2":{"name":"(anonymous_2)","decl":{"start":{"line":18,"column":12},"end":{"line":18,"column":13}},"loc":{"start":{"line":18,"column":18},"end":{"line":28,"column":3}},"line":18},"3":{"name":"(anonymous_3)","decl":{"start":{"line":31,"column":20},"end":{"line":31,"column":21}},"loc":{"start":{"line":32,"column":8},"end":{"line":57,"column":14}},"line":32},"4":{"name":"(anonymous_4)","decl":{"start":{"line":39,"column":23},"end":{"line":39,"column":24}},"loc":{"start":{"line":39,"column":29},"end":{"line":39,"column":31}},"line":39},"5":{"name":"(anonymous_5)","decl":{"start":{"line":43,"column":20},"end":{"line":43,"column":21}},"loc":{"start":{"line":43,"column":26},"end":{"line":43,"column":70}},"line":43}},"branchMap":{"0":{"loc":{"start":{"line":12,"column":14},"end":{"line":12,"column":49}},"type":"cond-expr","locations":[{"start":{"line":12,"column":33},"end":{"line":12,"column":39}},{"start":{"line":12,"column":42},"end":{"line":12,"column":49}}],"line":12},"1":{"loc":{"start":{"line":20,"column":18},"end":{"line":20,"column":77}},"type":"cond-expr","locations":[{"start":{"line":20,"column":64},"end":{"line":20,"column":66}},{"start":{"line":20,"column":69},"end":{"line":20,"column":77}}],"line":20},"2":{"loc":{"start":{"line":20,"column":18},"end":{"line":20,"column":61}},"type":"binary-expr","locations":[{"start":{"line":20,"column":18},"end":{"line":20,"column":35}},{"start":{"line":20,"column":39},"end":{"line":20,"column":61}}],"line":20},"3":{"loc":{"start":{"line":21,"column":4},"end":{"line":27,"column":5}},"type":"if","locations":[{"start":{"line":21,"column":4},"end":{"line":27,"column":5}},{"start":{"line":24,"column":11},"end":{"line":27,"column":5}}],"line":21},"4":{"loc":{"start":{"line":21,"column":8},"end":{"line":21,"column":45}},"type":"binary-expr","locations":[{"start":{"line":21,"column":8},"end":{"line":21,"column":26}},{"start":{"line":21,"column":30},"end":{"line":21,"column":45}}],"line":21}},"s":{"0":64,"1":64,"2":64,"3":64,"4":64,"5":20,"6":64,"7":33,"8":33,"9":33,"10":2,"11":2,"12":31,"13":31,"14":64,"15":150,"16":3,"17":9},"f":{"0":64,"1":20,"2":33,"3":150,"4":0,"5":3},"b":{"0":[41,23],"1":[21,12],"2":[33,33],"3":[2,31],"4":[33,2]},"_coverageSchema":"1a1c01bbd47fc00a2c39e90264f33305004495a9","hash":"6e2fe586057288f21a92c92432e7c8e48fb44ae0"}
,"D:\\Projetos\\Recepies-app\\src\\Components\\SearchBar.jsx": {"path":"D:\\Projetos\\Recepies-app\\src\\Components\\SearchBar.jsx","statementMap":{"0":{"start":{"line":5,"column":28},"end":{"line":5,"column":47}},"1":{"start":{"line":6,"column":38},"end":{"line":6,"column":60}},"2":{"start":{"line":7,"column":30},"end":{"line":7,"column":42}},"3":{"start":{"line":9,"column":28},"end":{"line":12,"column":3}},"4":{"start":{"line":10,"column":22},"end":{"line":10,"column":34}},"5":{"start":{"line":11,"column":4},"end":{"line":11,"column":21}},"6":{"start":{"line":13,"column":34},"end":{"line":13,"column":38}},"7":{"start":{"line":14,"column":2},"end":{"line":72,"column":4}},"8":{"start":{"line":26,"column":30},"end":{"line":26,"column":57}},"9":{"start":{"line":37,"column":30},"end":{"line":37,"column":51}},"10":{"start":{"line":48,"column":30},"end":{"line":48,"column":59}},"11":{"start":{"line":65,"column":28},"end":{"line":65,"column":76}}},"fnMap":{"0":{"name":"SearchBar","decl":{"start":{"line":4,"column":9},"end":{"line":4,"column":18}},"loc":{"start":{"line":4,"column":25},"end":{"line":73,"column":1}},"line":4},"1":{"name":"(anonymous_1)","decl":{"start":{"line":9,"column":28},"end":{"line":9,"column":29}},"loc":{"start":{"line":9,"column":39},"end":{"line":12,"column":3}},"line":9},"2":{"name":"(anonymous_2)","decl":{"start":{"line":26,"column":24},"end":{"line":26,"column":25}},"loc":{"start":{"line":26,"column":30},"end":{"line":26,"column":57}},"line":26},"3":{"name":"(anonymous_3)","decl":{"start":{"line":37,"column":24},"end":{"line":37,"column":25}},"loc":{"start":{"line":37,"column":30},"end":{"line":37,"column":51}},"line":37},"4":{"name":"(anonymous_4)","decl":{"start":{"line":48,"column":24},"end":{"line":48,"column":25}},"loc":{"start":{"line":48,"column":30},"end":{"line":48,"column":59}},"line":48},"5":{"name":"(anonymous_5)","decl":{"start":{"line":65,"column":22},"end":{"line":65,"column":23}},"loc":{"start":{"line":65,"column":28},"end":{"line":65,"column":76}},"line":65}},"branchMap":{},"s":{"0":40,"1":40,"2":40,"3":40,"4":26,"5":26,"6":40,"7":40,"8":1,"9":3,"10":1,"11":3},"f":{"0":40,"1":26,"2":1,"3":3,"4":1,"5":3},"b":{},"_coverageSchema":"1a1c01bbd47fc00a2c39e90264f33305004495a9","hash":"3b7816d88547f6c9b5ecc71383010af99112e6dd"}
,"D:\\Projetos\\Recepies-app\\src\\Components\\Footer\\Footer.jsx": {"path":"D:\\Projetos\\Recepies-app\\src\\Components\\Footer\\Footer.jsx","statementMap":{"0":{"start":{"line":11,"column":33},"end":{"line":11,"column":48}},"1":{"start":{"line":12,"column":35},"end":{"line":12,"column":50}},"2":{"start":{"line":14,"column":18},"end":{"line":17,"column":3}},"3":{"start":{"line":15,"column":4},"end":{"line":15,"column":28}},"4":{"start":{"line":16,"column":4},"end":{"line":16,"column":30}},"5":{"start":{"line":19,"column":2},"end":{"line":21,"column":9}},"6":{"start":{"line":20,"column":4},"end":{"line":20,"column":14}},"7":{"start":{"line":22,"column":2},"end":{"line":65,"column":4}},"8":{"start":{"line":68,"column":0},"end":{"line":71,"column":13}}},"fnMap":{"0":{"name":"Footer","decl":{"start":{"line":10,"column":9},"end":{"line":10,"column":15}},"loc":{"start":{"line":10,"column":43},"end":{"line":66,"column":1}},"line":10},"1":{"name":"(anonymous_1)","decl":{"start":{"line":14,"column":18},"end":{"line":14,"column":19}},"loc":{"start":{"line":14,"column":24},"end":{"line":17,"column":3}},"line":14},"2":{"name":"(anonymous_2)","decl":{"start":{"line":19,"column":12},"end":{"line":19,"column":13}},"loc":{"start":{"line":19,"column":18},"end":{"line":21,"column":3}},"line":19}},"branchMap":{"0":{"loc":{"start":{"line":28,"column":8},"end":{"line":45,"column":9}},"type":"binary-expr","locations":[{"start":{"line":28,"column":8},"end":{"line":28,"column":14}},{"start":{"line":30,"column":10},"end":{"line":44,"column":16}}],"line":28},"1":{"loc":{"start":{"line":48,"column":8},"end":{"line":62,"column":9}},"type":"binary-expr","locations":[{"start":{"line":48,"column":8},"end":{"line":48,"column":15}},{"start":{"line":50,"column":10},"end":{"line":61,"column":16}}],"line":48}},"s":{"0":89,"1":89,"2":89,"3":44,"4":44,"5":89,"6":44,"7":89,"8":9},"f":{"0":89,"1":44,"2":44},"b":{"0":[89,25],"1":[89,30]},"_coverageSchema":"1a1c01bbd47fc00a2c39e90264f33305004495a9","hash":"fc4f4ee9559a11a69b710a3c0ade0f3e676324df"}
,"D:\\Projetos\\Recepies-app\\src\\Components\\Header\\Header.jsx": {"path":"D:\\Projetos\\Recepies-app\\src\\Components\\Header\\Header.jsx","statementMap":{"0":{"start":{"line":12,"column":34},"end":{"line":12,"column":53}},"1":{"start":{"line":13,"column":40},"end":{"line":13,"column":55}},"2":{"start":{"line":14,"column":36},"end":{"line":14,"column":48}},"3":{"start":{"line":16,"column":2},"end":{"line":21,"column":27}},"4":{"start":{"line":17,"column":17},"end":{"line":17,"column":107}},"5":{"start":{"line":18,"column":17},"end":{"line":18,"column":41}},"6":{"start":{"line":19,"column":4},"end":{"line":19,"column":23}},"7":{"start":{"line":20,"column":4},"end":{"line":20,"column":21}},"8":{"start":{"line":23,"column":2},"end":{"line":67,"column":4}},"9":{"start":{"line":55,"column":34},"end":{"line":55,"column":63}},"10":{"start":{"line":69,"column":0},"end":{"line":74,"column":2}},"11":{"start":{"line":75,"column":0},"end":{"line":82,"column":2}}},"fnMap":{"0":{"name":"Header","decl":{"start":{"line":11,"column":9},"end":{"line":11,"column":15}},"loc":{"start":{"line":11,"column":62},"end":{"line":68,"column":1}},"line":11},"1":{"name":"(anonymous_1)","decl":{"start":{"line":16,"column":12},"end":{"line":16,"column":13}},"loc":{"start":{"line":16,"column":18},"end":{"line":21,"column":3}},"line":16},"2":{"name":"(anonymous_2)","decl":{"start":{"line":55,"column":26},"end":{"line":55,"column":27}},"loc":{"start":{"line":55,"column":32},"end":{"line":55,"column":65}},"line":55}},"branchMap":{"0":{"loc":{"start":{"line":17,"column":17},"end":{"line":17,"column":107}},"type":"binary-expr","locations":[{"start":{"line":17,"column":17},"end":{"line":17,"column":45}},{"start":{"line":17,"column":49},"end":{"line":17,"column":107}}],"line":17},"1":{"loc":{"start":{"line":26,"column":9},"end":{"line":30,"column":9}},"type":"binary-expr","locations":[{"start":{"line":26,"column":9},"end":{"line":26,"column":12}},{"start":{"line":27,"column":10},"end":{"line":29,"column":16}}],"line":26},"2":{"loc":{"start":{"line":39,"column":10},"end":{"line":48,"column":9}},"type":"binary-expr","locations":[{"start":{"line":39,"column":10},"end":{"line":39,"column":20}},{"start":{"line":40,"column":10},"end":{"line":47,"column":17}}],"line":39},"3":{"loc":{"start":{"line":42,"column":20},"end":{"line":42,"column":40}},"type":"binary-expr","locations":[{"start":{"line":42,"column":20},"end":{"line":42,"column":27}},{"start":{"line":42,"column":31},"end":{"line":42,"column":40}}],"line":42},"4":{"loc":{"start":{"line":50,"column":8},"end":{"line":64,"column":11}},"type":"binary-expr","locations":[{"start":{"line":50,"column":8},"end":{"line":50,"column":18}},{"start":{"line":52,"column":12},"end":{"line":63,"column":18}}],"line":50},"5":{"loc":{"start":{"line":65,"column":8},"end":{"line":65,"column":52}},"type":"binary-expr","locations":[{"start":{"line":65,"column":9},"end":{"line":65,"column":20}},{"start":{"line":65,"column":25},"end":{"line":65,"column":52}}],"line":65}},"s":{"0":104,"1":104,"2":104,"3":104,"4":56,"5":56,"6":56,"7":56,"8":104,"9":5,"10":9,"11":9},"f":{"0":104,"1":56,"2":5},"b":{"0":[56,56],"1":[104,104],"2":[104,104],"3":[104,28],"4":[104,78],"5":[104,9]},"_coverageSchema":"1a1c01bbd47fc00a2c39e90264f33305004495a9","hash":"303e2a18a1f4c82f6b20d890a743d2223f279db7"}
,"D:\\Projetos\\Recepies-app\\src\\Components\\RecepiesInPro\\RecepiesInProg.js": {"path":"D:\\Projetos\\Recepies-app\\src\\Components\\RecepiesInPro\\RecepiesInProg.js","statementMap":{"0":{"start":{"line":15,"column":34},"end":{"line":15,"column":46}},"1":{"start":{"line":17,"column":47},"end":{"line":17,"column":66}},"2":{"start":{"line":18,"column":17},"end":{"line":18,"column":28}},"3":{"start":{"line":20,"column":2},"end":{"line":30,"column":24}},"4":{"start":{"line":21,"column":19},"end":{"line":21,"column":78}},"5":{"start":{"line":22,"column":4},"end":{"line":29,"column":5}},"6":{"start":{"line":23,"column":6},"end":{"line":23,"column":30}},"7":{"start":{"line":24,"column":6},"end":{"line":28,"column":9}},"8":{"start":{"line":25,"column":25},"end":{"line":25,"column":59}},"9":{"start":{"line":26,"column":8},"end":{"line":26,"column":32}},"10":{"start":{"line":27,"column":8},"end":{"line":27,"column":53}},"11":{"start":{"line":32,"column":2},"end":{"line":34,"column":28}},"12":{"start":{"line":33,"column":4},"end":{"line":33,"column":24}},"13":{"start":{"line":36,"column":2},"end":{"line":46,"column":17}},"14":{"start":{"line":37,"column":4},"end":{"line":45,"column":5}},"15":{"start":{"line":38,"column":25},"end":{"line":38,"column":84}},"16":{"start":{"line":39,"column":24},"end":{"line":40,"column":23}},"17":{"start":{"line":39,"column":73},"end":{"line":39,"column":83}},"18":{"start":{"line":41,"column":6},"end":{"line":44,"column":8}},"19":{"start":{"line":48,"column":22},"end":{"line":57,"column":3}},"20":{"start":{"line":49,"column":18},"end":{"line":49,"column":35}},"21":{"start":{"line":50,"column":4},"end":{"line":56,"column":5}},"22":{"start":{"line":51,"column":6},"end":{"line":51,"column":44}},"23":{"start":{"line":52,"column":6},"end":{"line":52,"column":37}},"24":{"start":{"line":54,"column":6},"end":{"line":54,"column":40}},"25":{"start":{"line":55,"column":6},"end":{"line":55,"column":70}},"26":{"start":{"line":55,"column":48},"end":{"line":55,"column":66}},"27":{"start":{"line":59,"column":18},"end":{"line":62,"column":3}},"28":{"start":{"line":60,"column":18},"end":{"line":60,"column":28}},"29":{"start":{"line":61,"column":4},"end":{"line":61,"column":17}},"30":{"start":{"line":64,"column":21},"end":{"line":83,"column":3}},"31":{"start":{"line":65,"column":17},"end":{"line":65,"column":26}},"32":{"start":{"line":66,"column":21},"end":{"line":66,"column":56}},"33":{"start":{"line":67,"column":19},"end":{"line":67,"column":60}},"34":{"start":{"line":68,"column":16},"end":{"line":68,"column":34}},"35":{"start":{"line":69,"column":17},"end":{"line":79,"column":5}},"36":{"start":{"line":80,"column":20},"end":{"line":80,"column":73}},"37":{"start":{"line":81,"column":4},"end":{"line":81,"column":76}},"38":{"start":{"line":82,"column":4},"end":{"line":82,"column":34}},"39":{"start":{"line":85,"column":2},"end":{"line":137,"column":4}},"40":{"start":{"line":95,"column":12},"end":{"line":106,"column":20}},"41":{"start":{"line":140,"column":0},"end":{"line":143,"column":13}}},"fnMap":{"0":{"name":"RecipesInProg","decl":{"start":{"line":14,"column":9},"end":{"line":14,"column":22}},"loc":{"start":{"line":14,"column":49},"end":{"line":138,"column":1}},"line":14},"1":{"name":"(anonymous_1)","decl":{"start":{"line":20,"column":12},"end":{"line":20,"column":13}},"loc":{"start":{"line":20,"column":18},"end":{"line":30,"column":3}},"line":20},"2":{"name":"(anonymous_2)","decl":{"start":{"line":24,"column":25},"end":{"line":24,"column":26}},"loc":{"start":{"line":24,"column":35},"end":{"line":28,"column":7}},"line":24},"3":{"name":"(anonymous_3)","decl":{"start":{"line":32,"column":12},"end":{"line":32,"column":13}},"loc":{"start":{"line":32,"column":18},"end":{"line":34,"column":3}},"line":32},"4":{"name":"(anonymous_4)","decl":{"start":{"line":36,"column":12},"end":{"line":36,"column":13}},"loc":{"start":{"line":36,"column":18},"end":{"line":46,"column":3}},"line":36},"5":{"name":"(anonymous_5)","decl":{"start":{"line":39,"column":62},"end":{"line":39,"column":63}},"loc":{"start":{"line":39,"column":73},"end":{"line":39,"column":83}},"line":39},"6":{"name":"(anonymous_6)","decl":{"start":{"line":48,"column":22},"end":{"line":48,"column":23}},"loc":{"start":{"line":48,"column":38},"end":{"line":57,"column":3}},"line":48},"7":{"name":"(anonymous_7)","decl":{"start":{"line":55,"column":38},"end":{"line":55,"column":39}},"loc":{"start":{"line":55,"column":48},"end":{"line":55,"column":66}},"line":55},"8":{"name":"(anonymous_8)","decl":{"start":{"line":59,"column":18},"end":{"line":59,"column":19}},"loc":{"start":{"line":59,"column":24},"end":{"line":62,"column":3}},"line":59},"9":{"name":"(anonymous_9)","decl":{"start":{"line":64,"column":21},"end":{"line":64,"column":22}},"loc":{"start":{"line":64,"column":27},"end":{"line":83,"column":3}},"line":64},"10":{"name":"(anonymous_10)","decl":{"start":{"line":94,"column":30},"end":{"line":94,"column":31}},"loc":{"start":{"line":95,"column":12},"end":{"line":106,"column":20}},"line":95}},"branchMap":{"0":{"loc":{"start":{"line":21,"column":19},"end":{"line":21,"column":78}},"type":"binary-expr","locations":[{"start":{"line":21,"column":19},"end":{"line":21,"column":72}},{"start":{"line":21,"column":76},"end":{"line":21,"column":78}}],"line":21},"1":{"loc":{"start":{"line":22,"column":4},"end":{"line":29,"column":5}},"type":"if","locations":[{"start":{"line":22,"column":4},"end":{"line":29,"column":5}},{"start":{},"end":{}}],"line":22},"2":{"loc":{"start":{"line":22,"column":8},"end":{"line":22,"column":48}},"type":"binary-expr","locations":[{"start":{"line":22,"column":8},"end":{"line":22,"column":18}},{"start":{"line":22,"column":22},"end":{"line":22,"column":48}}],"line":22},"3":{"loc":{"start":{"line":37,"column":4},"end":{"line":45,"column":5}},"type":"if","locations":[{"start":{"line":37,"column":4},"end":{"line":45,"column":5}},{"start":{},"end":{}}],"line":37},"4":{"loc":{"start":{"line":38,"column":25},"end":{"line":38,"column":84}},"type":"binary-expr","locations":[{"start":{"line":38,"column":25},"end":{"line":38,"column":78}},{"start":{"line":38,"column":82},"end":{"line":38,"column":84}}],"line":38},"5":{"loc":{"start":{"line":50,"column":4},"end":{"line":56,"column":5}},"type":"if","locations":[{"start":{"line":50,"column":4},"end":{"line":56,"column":5}},{"start":{"line":53,"column":11},"end":{"line":56,"column":5}}],"line":50},"6":{"loc":{"start":{"line":66,"column":21},"end":{"line":66,"column":56}},"type":"cond-expr","locations":[{"start":{"line":66,"column":40},"end":{"line":66,"column":46}},{"start":{"line":66,"column":49},"end":{"line":66,"column":56}}],"line":66},"7":{"loc":{"start":{"line":67,"column":19},"end":{"line":67,"column":60}},"type":"cond-expr","locations":[{"start":{"line":67,"column":38},"end":{"line":67,"column":40}},{"start":{"line":67,"column":43},"end":{"line":67,"column":60}}],"line":67},"8":{"loc":{"start":{"line":68,"column":16},"end":{"line":68,"column":34}},"type":"binary-expr","locations":[{"start":{"line":68,"column":16},"end":{"line":68,"column":28}},{"start":{"line":68,"column":32},"end":{"line":68,"column":34}}],"line":68},"9":{"loc":{"start":{"line":72,"column":19},"end":{"line":72,"column":37}},"type":"binary-expr","locations":[{"start":{"line":72,"column":19},"end":{"line":72,"column":31}},{"start":{"line":72,"column":35},"end":{"line":72,"column":37}}],"line":72},"10":{"loc":{"start":{"line":78,"column":12},"end":{"line":78,"column":53}},"type":"cond-expr","locations":[{"start":{"line":78,"column":29},"end":{"line":78,"column":48}},{"start":{"line":78,"column":51},"end":{"line":78,"column":53}}],"line":78},"11":{"loc":{"start":{"line":80,"column":20},"end":{"line":80,"column":73}},"type":"binary-expr","locations":[{"start":{"line":80,"column":20},"end":{"line":80,"column":67}},{"start":{"line":80,"column":71},"end":{"line":80,"column":73}}],"line":80}},"s":{"0":3,"1":3,"2":3,"3":3,"4":3,"5":3,"6":0,"7":0,"8":0,"9":0,"10":0,"11":3,"12":3,"13":3,"14":3,"15":0,"16":0,"17":0,"18":0,"19":3,"20":0,"21":0,"22":0,"23":0,"24":0,"25":0,"26":0,"27":3,"28":0,"29":0,"30":3,"31":0,"32":0,"33":0,"34":0,"35":0,"36":0,"37":0,"38":0,"39":3,"40":0,"41":9},"f":{"0":3,"1":3,"2":0,"3":3,"4":3,"5":0,"6":0,"7":0,"8":0,"9":0,"10":0},"b":{"0":[3,3],"1":[0,3],"2":[3,0],"3":[0,3],"4":[0,0],"5":[0,0],"6":[0,0],"7":[0,0],"8":[0,0],"9":[0,0],"10":[0,0],"11":[0,0]},"_coverageSchema":"1a1c01bbd47fc00a2c39e90264f33305004495a9","hash":"a8c28ae109a1d0c9cd91d56720a1b75b92456792"}
,"D:\\Projetos\\Recepies-app\\src\\Components\\RecipesDetails\\Carousel.js": {"path":"D:\\Projetos\\Recepies-app\\src\\Components\\RecipesDetails\\Carousel.js","statementMap":{"0":{"start":{"line":7,"column":2},"end":{"line":45,"column":4}},"1":{"start":{"line":29,"column":12},"end":{"line":40,"column":26}},"2":{"start":{"line":48,"column":0},"end":{"line":54,"column":13}}},"fnMap":{"0":{"name":"Carousel","decl":{"start":{"line":6,"column":9},"end":{"line":6,"column":17}},"loc":{"start":{"line":6,"column":68},"end":{"line":46,"column":1}},"line":6},"1":{"name":"(anonymous_1)","decl":{"start":{"line":28,"column":29},"end":{"line":28,"column":30}},"loc":{"start":{"line":29,"column":12},"end":{"line":40,"column":26}},"line":29}},"branchMap":{"0":{"loc":{"start":{"line":12,"column":7},"end":{"line":43,"column":7}},"type":"binary-expr","locations":[{"start":{"line":12,"column":7},"end":{"line":12,"column":14}},{"start":{"line":13,"column":8},"end":{"line":42,"column":17}}],"line":12}},"s":{"0":30,"1":6,"2":9},"f":{"0":30,"1":6},"b":{"0":[30,17]},"_coverageSchema":"1a1c01bbd47fc00a2c39e90264f33305004495a9","hash":"7686e5dca5a486fac5e276091b4204156dc15a6c"}
,"D:\\Projetos\\Recepies-app\\src\\Components\\RecipesDetails\\Instruction.js": {"path":"D:\\Projetos\\Recepies-app\\src\\Components\\RecipesDetails\\Instruction.js","statementMap":{"0":{"start":{"line":6,"column":32},"end":{"line":6,"column":46}},"1":{"start":{"line":7,"column":29},"end":{"line":7,"column":41}},"2":{"start":{"line":9,"column":2},"end":{"line":15,"column":19}},"3":{"start":{"line":10,"column":4},"end":{"line":14,"column":5}},"4":{"start":{"line":11,"column":6},"end":{"line":11,"column":70}},"5":{"start":{"line":12,"column":6},"end":{"line":12,"column":24}},"6":{"start":{"line":13,"column":6},"end":{"line":13,"column":31}},"7":{"start":{"line":17,"column":2},"end":{"line":78,"column":4}},"8":{"start":{"line":33,"column":10},"end":{"line":38,"column":14}},"9":{"start":{"line":81,"column":0},"end":{"line":85,"column":13}}},"fnMap":{"0":{"name":"Instructions","decl":{"start":{"line":5,"column":9},"end":{"line":5,"column":21}},"loc":{"start":{"line":5,"column":55},"end":{"line":79,"column":1}},"line":5},"1":{"name":"(anonymous_1)","decl":{"start":{"line":9,"column":12},"end":{"line":9,"column":13}},"loc":{"start":{"line":9,"column":18},"end":{"line":15,"column":3}},"line":9},"2":{"name":"(anonymous_2)","decl":{"start":{"line":32,"column":30},"end":{"line":32,"column":31}},"loc":{"start":{"line":33,"column":10},"end":{"line":38,"column":14}},"line":33}},"branchMap":{"0":{"loc":{"start":{"line":10,"column":4},"end":{"line":14,"column":5}},"type":"if","locations":[{"start":{"line":10,"column":4},"end":{"line":14,"column":5}},{"start":{},"end":{}}],"line":10},"1":{"loc":{"start":{"line":10,"column":8},"end":{"line":10,"column":57}},"type":"binary-expr","locations":[{"start":{"line":10,"column":8},"end":{"line":10,"column":24}},{"start":{"line":10,"column":28},"end":{"line":10,"column":57}}],"line":10},"2":{"loc":{"start":{"line":51,"column":8},"end":{"line":75,"column":11}},"type":"cond-expr","locations":[{"start":{"line":53,"column":12},"end":{"line":63,"column":13}},{"start":{"line":65,"column":12},"end":{"line":74,"column":14}}],"line":51},"3":{"loc":{"start":{"line":53,"column":12},"end":{"line":63,"column":13}},"type":"binary-expr","locations":[{"start":{"line":53,"column":13},"end":{"line":53,"column":29}},{"start":{"line":54,"column":14},"end":{"line":62,"column":20}}],"line":53}},"s":{"0":30,"1":30,"2":30,"3":16,"4":0,"5":0,"6":0,"7":30,"8":12,"9":9},"f":{"0":30,"1":16,"2":12},"b":{"0":[0,16],"1":[16,7],"2":[0,30],"3":[0,0]},"_coverageSchema":"1a1c01bbd47fc00a2c39e90264f33305004495a9","hash":"4976919b91a9473e78c619911314fbd18075bcb1"}
,"D:\\Projetos\\Recepies-app\\src\\Components\\RecipesDetails\\RecipeDetails.js": {"path":"D:\\Projetos\\Recepies-app\\src\\Components\\RecipesDetails\\RecipeDetails.js","statementMap":{"0":{"start":{"line":19,"column":44},"end":{"line":19,"column":56}},"1":{"start":{"line":20,"column":32},"end":{"line":20,"column":47}},"2":{"start":{"line":21,"column":25},"end":{"line":21,"column":37}},"3":{"start":{"line":22,"column":28},"end":{"line":22,"column":40}},"4":{"start":{"line":23,"column":46},"end":{"line":23,"column":58}},"5":{"start":{"line":24,"column":17},"end":{"line":24,"column":28}},"6":{"start":{"line":26,"column":41},"end":{"line":26,"column":60}},"7":{"start":{"line":28,"column":2},"end":{"line":51,"column":77}},"8":{"start":{"line":29,"column":4},"end":{"line":50,"column":5}},"9":{"start":{"line":30,"column":6},"end":{"line":36,"column":7}},"10":{"start":{"line":31,"column":8},"end":{"line":31,"column":25}},"11":{"start":{"line":32,"column":8},"end":{"line":32,"column":24}},"12":{"start":{"line":34,"column":8},"end":{"line":34,"column":26}},"13":{"start":{"line":35,"column":8},"end":{"line":35,"column":23}},"14":{"start":{"line":37,"column":6},"end":{"line":37,"column":26}},"15":{"start":{"line":38,"column":26},"end":{"line":38,"column":27}},"16":{"start":{"line":39,"column":6},"end":{"line":48,"column":9}},"17":{"start":{"line":40,"column":25},"end":{"line":41,"column":62}},"18":{"start":{"line":42,"column":8},"end":{"line":42,"column":35}},"19":{"start":{"line":43,"column":8},"end":{"line":47,"column":9}},"20":{"start":{"line":44,"column":10},"end":{"line":44,"column":37}},"21":{"start":{"line":46,"column":10},"end":{"line":46,"column":36}},"22":{"start":{"line":49,"column":6},"end":{"line":49,"column":23}},"23":{"start":{"line":53,"column":2},"end":{"line":94,"column":4}},"24":{"start":{"line":89,"column":24},"end":{"line":89,"column":66}},"25":{"start":{"line":96,"column":0},"end":{"line":98,"column":13}}},"fnMap":{"0":{"name":"RecipeDetails","decl":{"start":{"line":18,"column":9},"end":{"line":18,"column":22}},"loc":{"start":{"line":18,"column":52},"end":{"line":95,"column":1}},"line":18},"1":{"name":"(anonymous_1)","decl":{"start":{"line":28,"column":12},"end":{"line":28,"column":13}},"loc":{"start":{"line":28,"column":18},"end":{"line":51,"column":3}},"line":28},"2":{"name":"(anonymous_2)","decl":{"start":{"line":39,"column":46},"end":{"line":39,"column":47}},"loc":{"start":{"line":39,"column":52},"end":{"line":48,"column":7}},"line":39},"3":{"name":"(anonymous_3)","decl":{"start":{"line":89,"column":18},"end":{"line":89,"column":19}},"loc":{"start":{"line":89,"column":24},"end":{"line":89,"column":66}},"line":89}},"branchMap":{"0":{"loc":{"start":{"line":29,"column":4},"end":{"line":50,"column":5}},"type":"if","locations":[{"start":{"line":29,"column":4},"end":{"line":50,"column":5}},{"start":{},"end":{}}],"line":29},"1":{"loc":{"start":{"line":30,"column":6},"end":{"line":36,"column":7}},"type":"if","locations":[{"start":{"line":30,"column":6},"end":{"line":36,"column":7}},{"start":{"line":33,"column":13},"end":{"line":36,"column":7}}],"line":30},"2":{"loc":{"start":{"line":40,"column":25},"end":{"line":41,"column":62}},"type":"cond-expr","locations":[{"start":{"line":41,"column":12},"end":{"line":41,"column":14}},{"start":{"line":41,"column":17},"end":{"line":41,"column":62}}],"line":40},"3":{"loc":{"start":{"line":41,"column":17},"end":{"line":41,"column":62}},"type":"binary-expr","locations":[{"start":{"line":41,"column":17},"end":{"line":41,"column":56}},{"start":{"line":41,"column":60},"end":{"line":41,"column":62}}],"line":41},"4":{"loc":{"start":{"line":43,"column":8},"end":{"line":47,"column":9}},"type":"if","locations":[{"start":{"line":43,"column":8},"end":{"line":47,"column":9}},{"start":{"line":45,"column":15},"end":{"line":47,"column":9}}],"line":43}},"s":{"0":31,"1":31,"2":31,"3":31,"4":31,"5":31,"6":31,"7":31,"8":15,"9":14,"10":7,"11":7,"12":7,"13":7,"14":14,"15":14,"16":14,"17":8,"18":8,"19":8,"20":3,"21":5,"22":14,"23":31,"24":3,"25":9},"f":{"0":31,"1":15,"2":8,"3":3},"b":{"0":[14,1],"1":[7,7],"2":[7,1],"3":[1,0],"4":[3,5]},"_coverageSchema":"1a1c01bbd47fc00a2c39e90264f33305004495a9","hash":"83c9c81d05fd52f27a50c7a616dcf07de6ae350e"}
,"D:\\Projetos\\Recepies-app\\src\\Components\\RecipesDetails\\RecipesCard.js": {"path":"D:\\Projetos\\Recepies-app\\src\\Components\\RecipesDetails\\RecipesCard.js","statementMap":{"0":{"start":{"line":7,"column":38},"end":{"line":7,"column":53}},"1":{"start":{"line":9,"column":25},"end":{"line":37,"column":3}},"2":{"start":{"line":10,"column":21},"end":{"line":10,"column":56}},"3":{"start":{"line":11,"column":19},"end":{"line":11,"column":60}},"4":{"start":{"line":12,"column":25},"end":{"line":20,"column":5}},"5":{"start":{"line":22,"column":25},"end":{"line":22,"column":82}},"6":{"start":{"line":23,"column":26},"end":{"line":23,"column":62}},"7":{"start":{"line":23,"column":57},"end":{"line":23,"column":61}},"8":{"start":{"line":25,"column":4},"end":{"line":36,"column":5}},"9":{"start":{"line":26,"column":27},"end":{"line":27,"column":57}},"10":{"start":{"line":27,"column":30},"end":{"line":27,"column":56}},"11":{"start":{"line":29,"column":6},"end":{"line":30,"column":39}},"12":{"start":{"line":31,"column":6},"end":{"line":31,"column":27}},"13":{"start":{"line":33,"column":6},"end":{"line":34,"column":53}},"14":{"start":{"line":35,"column":6},"end":{"line":35,"column":26}},"15":{"start":{"line":39,"column":2},"end":{"line":43,"column":20}},"16":{"start":{"line":40,"column":28},"end":{"line":40,"column":85}},"17":{"start":{"line":41,"column":26},"end":{"line":41,"column":65}},"18":{"start":{"line":41,"column":60},"end":{"line":41,"column":64}},"19":{"start":{"line":42,"column":4},"end":{"line":42,"column":63}},"20":{"start":{"line":45,"column":21},"end":{"line":46,"column":29}},"21":{"start":{"line":48,"column":2},"end":{"line":110,"column":4}},"22":{"start":{"line":113,"column":0},"end":{"line":115,"column":2}},"23":{"start":{"line":116,"column":0},"end":{"line":120,"column":13}}},"fnMap":{"0":{"name":"RecipesCard","decl":{"start":{"line":6,"column":9},"end":{"line":6,"column":20}},"loc":{"start":{"line":6,"column":53},"end":{"line":111,"column":1}},"line":6},"1":{"name":"(anonymous_1)","decl":{"start":{"line":9,"column":25},"end":{"line":9,"column":26}},"loc":{"start":{"line":9,"column":31},"end":{"line":37,"column":3}},"line":9},"2":{"name":"(anonymous_2)","decl":{"start":{"line":23,"column":43},"end":{"line":23,"column":44}},"loc":{"start":{"line":23,"column":57},"end":{"line":23,"column":61}},"line":23},"3":{"name":"(anonymous_3)","decl":{"start":{"line":27,"column":16},"end":{"line":27,"column":17}},"loc":{"start":{"line":27,"column":30},"end":{"line":27,"column":56}},"line":27},"4":{"name":"(anonymous_4)","decl":{"start":{"line":39,"column":12},"end":{"line":39,"column":13}},"loc":{"start":{"line":39,"column":18},"end":{"line":43,"column":3}},"line":39},"5":{"name":"(anonymous_5)","decl":{"start":{"line":41,"column":46},"end":{"line":41,"column":47}},"loc":{"start":{"line":41,"column":60},"end":{"line":41,"column":64}},"line":41}},"branchMap":{"0":{"loc":{"start":{"line":10,"column":21},"end":{"line":10,"column":56}},"type":"cond-expr","locations":[{"start":{"line":10,"column":40},"end":{"line":10,"column":46}},{"start":{"line":10,"column":49},"end":{"line":10,"column":56}}],"line":10},"1":{"loc":{"start":{"line":11,"column":19},"end":{"line":11,"column":60}},"type":"cond-expr","locations":[{"start":{"line":11,"column":38},"end":{"line":11,"column":40}},{"start":{"line":11,"column":43},"end":{"line":11,"column":60}}],"line":11},"2":{"loc":{"start":{"line":15,"column":19},"end":{"line":15,"column":37}},"type":"binary-expr","locations":[{"start":{"line":15,"column":19},"end":{"line":15,"column":31}},{"start":{"line":15,"column":35},"end":{"line":15,"column":37}}],"line":15},"3":{"loc":{"start":{"line":22,"column":25},"end":{"line":22,"column":82}},"type":"binary-expr","locations":[{"start":{"line":22,"column":25},"end":{"line":22,"column":76}},{"start":{"line":22,"column":80},"end":{"line":22,"column":82}}],"line":22},"4":{"loc":{"start":{"line":25,"column":4},"end":{"line":36,"column":5}},"type":"if","locations":[{"start":{"line":25,"column":4},"end":{"line":36,"column":5}},{"start":{"line":32,"column":11},"end":{"line":36,"column":5}}],"line":25},"5":{"loc":{"start":{"line":40,"column":28},"end":{"line":40,"column":85}},"type":"binary-expr","locations":[{"start":{"line":40,"column":28},"end":{"line":40,"column":79}},{"start":{"line":40,"column":83},"end":{"line":40,"column":85}}],"line":40},"6":{"loc":{"start":{"line":45,"column":21},"end":{"line":46,"column":29}},"type":"cond-expr","locations":[{"start":{"line":46,"column":6},"end":{"line":46,"column":16}},{"start":{"line":46,"column":19},"end":{"line":46,"column":29}}],"line":45},"7":{"loc":{"start":{"line":50,"column":7},"end":{"line":108,"column":15}},"type":"binary-expr","locations":[{"start":{"line":50,"column":7},"end":{"line":50,"column":14}},{"start":{"line":51,"column":8},"end":{"line":108,"column":14}}],"line":50},"8":{"loc":{"start":{"line":90,"column":11},"end":{"line":107,"column":11}},"type":"cond-expr","locations":[{"start":{"line":91,"column":12},"end":{"line":98,"column":17}},{"start":{"line":100,"column":12},"end":{"line":106,"column":17}}],"line":90}},"s":{"0":35,"1":35,"2":1,"3":1,"4":1,"5":1,"6":1,"7":0,"8":1,"9":0,"10":0,"11":0,"12":0,"13":1,"14":1,"15":35,"16":31,"17":31,"18":0,"19":31,"20":35,"21":35,"22":9,"23":9},"f":{"0":35,"1":1,"2":0,"3":0,"4":31,"5":0},"b":{"0":[1,0],"1":[1,0],"2":[1,1],"3":[1,1],"4":[0,1],"5":[31,31],"6":[2,33],"7":[35,22],"8":[9,13]},"_coverageSchema":"1a1c01bbd47fc00a2c39e90264f33305004495a9","hash":"e0b02808f88be10eb4939b329f29d3bf08262e02"}
,"D:\\Projetos\\Recepies-app\\src\\Components\\Review\\setReview\\Review.jsx": {"path":"D:\\Projetos\\Recepies-app\\src\\Components\\Review\\setReview\\Review.jsx","statementMap":{"0":{"start":{"line":7,"column":30},"end":{"line":7,"column":41}},"1":{"start":{"line":8,"column":34},"end":{"line":8,"column":46}},"2":{"start":{"line":9,"column":34},"end":{"line":9,"column":48}},"3":{"start":{"line":10,"column":44},"end":{"line":10,"column":58}},"4":{"start":{"line":12,"column":34},"end":{"line":25,"column":3}},"5":{"start":{"line":13,"column":21},"end":{"line":13,"column":61}},"6":{"start":{"line":14,"column":22},"end":{"line":14,"column":30}},"7":{"start":{"line":15,"column":19},"end":{"line":20,"column":5}},"8":{"start":{"line":21,"column":16},"end":{"line":21,"column":46}},"9":{"start":{"line":22,"column":18},"end":{"line":22,"column":39}},"10":{"start":{"line":23,"column":4},"end":{"line":23,"column":71}},"11":{"start":{"line":24,"column":4},"end":{"line":24,"column":23}},"12":{"start":{"line":27,"column":25},"end":{"line":34,"column":3}},"13":{"start":{"line":28,"column":27},"end":{"line":28,"column":28}},"14":{"start":{"line":29,"column":22},"end":{"line":29,"column":28}},"15":{"start":{"line":30,"column":4},"end":{"line":30,"column":23}},"16":{"start":{"line":31,"column":4},"end":{"line":33,"column":5}},"17":{"start":{"line":32,"column":6},"end":{"line":32,"column":30}},"18":{"start":{"line":36,"column":23},"end":{"line":42,"column":3}},"19":{"start":{"line":37,"column":27},"end":{"line":37,"column":28}},"20":{"start":{"line":38,"column":4},"end":{"line":38,"column":22}},"21":{"start":{"line":39,"column":4},"end":{"line":41,"column":5}},"22":{"start":{"line":40,"column":6},"end":{"line":40,"column":30}},"23":{"start":{"line":43,"column":27},"end":{"line":45,"column":3}},"24":{"start":{"line":44,"column":4},"end":{"line":44,"column":22}},"25":{"start":{"line":46,"column":2},"end":{"line":52,"column":11}},"26":{"start":{"line":47,"column":16},"end":{"line":47,"column":46}},"27":{"start":{"line":48,"column":18},"end":{"line":48,"column":39}},"28":{"start":{"line":49,"column":4},"end":{"line":51,"column":5}},"29":{"start":{"line":49,"column":26},"end":{"line":49,"column":37}},"30":{"start":{"line":50,"column":6},"end":{"line":50,"column":25}},"31":{"start":{"line":54,"column":2},"end":{"line":121,"column":4}},"32":{"start":{"line":124,"column":0},"end":{"line":126,"column":13}}},"fnMap":{"0":{"name":"Review","decl":{"start":{"line":6,"column":24},"end":{"line":6,"column":30}},"loc":{"start":{"line":6,"column":39},"end":{"line":122,"column":1}},"line":6},"1":{"name":"(anonymous_1)","decl":{"start":{"line":12,"column":34},"end":{"line":12,"column":35}},"loc":{"start":{"line":12,"column":40},"end":{"line":25,"column":3}},"line":12},"2":{"name":"(anonymous_2)","decl":{"start":{"line":27,"column":25},"end":{"line":27,"column":26}},"loc":{"start":{"line":27,"column":41},"end":{"line":34,"column":3}},"line":27},"3":{"name":"(anonymous_3)","decl":{"start":{"line":36,"column":23},"end":{"line":36,"column":24}},"loc":{"start":{"line":36,"column":35},"end":{"line":42,"column":3}},"line":36},"4":{"name":"(anonymous_4)","decl":{"start":{"line":43,"column":27},"end":{"line":43,"column":28}},"loc":{"start":{"line":43,"column":33},"end":{"line":45,"column":3}},"line":43},"5":{"name":"(anonymous_5)","decl":{"start":{"line":46,"column":12},"end":{"line":46,"column":13}},"loc":{"start":{"line":46,"column":18},"end":{"line":52,"column":3}},"line":46},"6":{"name":"(anonymous_6)","decl":{"start":{"line":49,"column":19},"end":{"line":49,"column":20}},"loc":{"start":{"line":49,"column":26},"end":{"line":49,"column":37}},"line":49}},"branchMap":{"0":{"loc":{"start":{"line":22,"column":18},"end":{"line":22,"column":39}},"type":"binary-expr","locations":[{"start":{"line":22,"column":18},"end":{"line":22,"column":33}},{"start":{"line":22,"column":37},"end":{"line":22,"column":39}}],"line":22},"1":{"loc":{"start":{"line":31,"column":4},"end":{"line":33,"column":5}},"type":"if","locations":[{"start":{"line":31,"column":4},"end":{"line":33,"column":5}},{"start":{},"end":{}}],"line":31},"2":{"loc":{"start":{"line":31,"column":8},"end":{"line":31,"column":51}},"type":"binary-expr","locations":[{"start":{"line":31,"column":8},"end":{"line":31,"column":37}},{"start":{"line":31,"column":41},"end":{"line":31,"column":51}}],"line":31},"3":{"loc":{"start":{"line":39,"column":4},"end":{"line":41,"column":5}},"type":"if","locations":[{"start":{"line":39,"column":4},"end":{"line":41,"column":5}},{"start":{},"end":{}}],"line":39},"4":{"loc":{"start":{"line":39,"column":8},"end":{"line":39,"column":54}},"type":"binary-expr","locations":[{"start":{"line":39,"column":8},"end":{"line":39,"column":18}},{"start":{"line":39,"column":22},"end":{"line":39,"column":54}}],"line":39},"5":{"loc":{"start":{"line":48,"column":18},"end":{"line":48,"column":39}},"type":"binary-expr","locations":[{"start":{"line":48,"column":18},"end":{"line":48,"column":33}},{"start":{"line":48,"column":37},"end":{"line":48,"column":39}}],"line":48},"6":{"loc":{"start":{"line":49,"column":4},"end":{"line":51,"column":5}},"type":"if","locations":[{"start":{"line":49,"column":4},"end":{"line":51,"column":5}},{"start":{},"end":{}}],"line":49},"7":{"loc":{"start":{"line":57,"column":8},"end":{"line":118,"column":11}},"type":"cond-expr","locations":[{"start":{"line":59,"column":12},"end":{"line":100,"column":18}},{"start":{"line":103,"column":12},"end":{"line":117,"column":18}}],"line":57}},"s":{"0":8,"1":8,"2":8,"3":8,"4":8,"5":0,"6":0,"7":0,"8":0,"9":0,"10":0,"11":0,"12":8,"13":0,"14":0,"15":0,"16":0,"17":0,"18":8,"19":0,"20":0,"21":0,"22":0,"23":8,"24":0,"25":8,"26":6,"27":6,"28":6,"29":0,"30":0,"31":8,"32":9},"f":{"0":8,"1":0,"2":0,"3":0,"4":0,"5":6,"6":0},"b":{"0":[0,0],"1":[0,0],"2":[0,0],"3":[0,0],"4":[0,0],"5":[6,6],"6":[0,6],"7":[8,0]},"_coverageSchema":"1a1c01bbd47fc00a2c39e90264f33305004495a9","hash":"f934db66d6d71a9acf632335f68ed17cfd955766"}
,"D:\\Projetos\\Recepies-app\\src\\Components\\Review\\showReview\\ShowReview.jsx": {"path":"D:\\Projetos\\Recepies-app\\src\\Components\\Review\\showReview\\ShowReview.jsx","statementMap":{"0":{"start":{"line":7,"column":30},"end":{"line":7,"column":42}},"1":{"start":{"line":8,"column":36},"end":{"line":8,"column":51}},"2":{"start":{"line":10,"column":2},"end":{"line":17,"column":11}},"3":{"start":{"line":11,"column":22},"end":{"line":11,"column":52}},"4":{"start":{"line":12,"column":17},"end":{"line":12,"column":44}},"5":{"start":{"line":13,"column":4},"end":{"line":13,"column":20}},"6":{"start":{"line":14,"column":4},"end":{"line":16,"column":5}},"7":{"start":{"line":14,"column":25},"end":{"line":14,"column":36}},"8":{"start":{"line":15,"column":6},"end":{"line":15,"column":25}},"9":{"start":{"line":19,"column":2},"end":{"line":35,"column":4}},"10":{"start":{"line":22,"column":31},"end":{"line":22,"column":42}},"11":{"start":{"line":25,"column":12},"end":{"line":31,"column":18}},"12":{"start":{"line":38,"column":0},"end":{"line":40,"column":13}}},"fnMap":{"0":{"name":"ShowReview","decl":{"start":{"line":6,"column":24},"end":{"line":6,"column":34}},"loc":{"start":{"line":6,"column":43},"end":{"line":36,"column":1}},"line":6},"1":{"name":"(anonymous_1)","decl":{"start":{"line":10,"column":12},"end":{"line":10,"column":13}},"loc":{"start":{"line":10,"column":18},"end":{"line":17,"column":3}},"line":10},"2":{"name":"(anonymous_2)","decl":{"start":{"line":14,"column":18},"end":{"line":14,"column":19}},"loc":{"start":{"line":14,"column":25},"end":{"line":14,"column":36}},"line":14},"3":{"name":"(anonymous_3)","decl":{"start":{"line":22,"column":24},"end":{"line":22,"column":25}},"loc":{"start":{"line":22,"column":31},"end":{"line":22,"column":42}},"line":22},"4":{"name":"(anonymous_4)","decl":{"start":{"line":23,"column":15},"end":{"line":23,"column":16}},"loc":{"start":{"line":25,"column":12},"end":{"line":31,"column":18}},"line":25}},"branchMap":{"0":{"loc":{"start":{"line":12,"column":17},"end":{"line":12,"column":44}},"type":"binary-expr","locations":[{"start":{"line":12,"column":17},"end":{"line":12,"column":38}},{"start":{"line":12,"column":42},"end":{"line":12,"column":44}}],"line":12},"1":{"loc":{"start":{"line":14,"column":4},"end":{"line":16,"column":5}},"type":"if","locations":[{"start":{"line":14,"column":4},"end":{"line":16,"column":5}},{"start":{},"end":{}}],"line":14},"2":{"loc":{"start":{"line":21,"column":8},"end":{"line":33,"column":48}},"type":"cond-expr","locations":[{"start":{"line":22,"column":10},"end":{"line":32,"column":12}},{"start":{"line":33,"column":10},"end":{"line":33,"column":48}}],"line":21}},"s":{"0":30,"1":30,"2":30,"3":13,"4":13,"5":13,"6":13,"7":0,"8":0,"9":30,"10":0,"11":0,"12":9},"f":{"0":30,"1":13,"2":0,"3":0,"4":0},"b":{"0":[13,13],"1":[0,13],"2":[0,30]},"_coverageSchema":"1a1c01bbd47fc00a2c39e90264f33305004495a9","hash":"b06a5ad8bfacd1160c0e167fb192aee52df642ad"}
,"D:\\Projetos\\Recepies-app\\src\\Context\\Context.js": {"path":"D:\\Projetos\\Recepies-app\\src\\Context\\Context.js","statementMap":{"0":{"start":{"line":4,"column":23},"end":{"line":4,"column":38}},"1":{"start":{"line":6,"column":32},"end":{"line":6,"column":44}},"2":{"start":{"line":7,"column":46},"end":{"line":7,"column":61}},"3":{"start":{"line":8,"column":48},"end":{"line":8,"column":60}},"4":{"start":{"line":9,"column":30},"end":{"line":9,"column":42}},"5":{"start":{"line":10,"column":32},"end":{"line":10,"column":44}},"6":{"start":{"line":11,"column":19},"end":{"line":15,"column":3}},"7":{"start":{"line":12,"column":21},"end":{"line":12,"column":37}},"8":{"start":{"line":13,"column":17},"end":{"line":13,"column":38}},"9":{"start":{"line":14,"column":4},"end":{"line":14,"column":48}},"10":{"start":{"line":16,"column":20},"end":{"line":38,"column":3}},"11":{"start":{"line":17,"column":10},"end":{"line":36,"column":5}},"12":{"start":{"line":18,"column":19},"end":{"line":21,"column":7}},"13":{"start":{"line":22,"column":18},"end":{"line":22,"column":28}},"14":{"start":{"line":23,"column":19},"end":{"line":23,"column":38}},"15":{"start":{"line":24,"column":6},"end":{"line":24,"column":33}},"16":{"start":{"line":25,"column":21},"end":{"line":25,"column":50}},"17":{"start":{"line":26,"column":31},"end":{"line":28,"column":7}},"18":{"start":{"line":27,"column":26},"end":{"line":27,"column":64}},"19":{"start":{"line":29,"column":26},"end":{"line":31,"column":7}},"20":{"start":{"line":30,"column":26},"end":{"line":30,"column":69}},"21":{"start":{"line":32,"column":25},"end":{"line":34,"column":42}},"22":{"start":{"line":33,"column":29},"end":{"line":33,"column":70}},"23":{"start":{"line":34,"column":23},"end":{"line":34,"column":41}},"24":{"start":{"line":35,"column":6},"end":{"line":35,"column":37}},"25":{"start":{"line":39,"column":24},"end":{"line":66,"column":8}},"26":{"start":{"line":39,"column":38},"end":{"line":66,"column":3}},"27":{"start":{"line":40,"column":19},"end":{"line":55,"column":5}},"28":{"start":{"line":56,"column":16},"end":{"line":56,"column":43}},"29":{"start":{"line":57,"column":4},"end":{"line":65,"column":5}},"30":{"start":{"line":58,"column":6},"end":{"line":58,"column":67}},"31":{"start":{"line":60,"column":19},"end":{"line":60,"column":38}},"32":{"start":{"line":61,"column":6},"end":{"line":63,"column":7}},"33":{"start":{"line":62,"column":8},"end":{"line":62,"column":80}},"34":{"start":{"line":64,"column":6},"end":{"line":64,"column":23}},"35":{"start":{"line":67,"column":18},"end":{"line":82,"column":3}},"36":{"start":{"line":68,"column":11},"end":{"line":79,"column":5}},"37":{"start":{"line":83,"column":2},"end":{"line":83,"column":75}},"38":{"start":{"line":85,"column":0},"end":{"line":87,"column":2}}},"fnMap":{"0":{"name":"Provider","decl":{"start":{"line":5,"column":9},"end":{"line":5,"column":17}},"loc":{"start":{"line":5,"column":32},"end":{"line":84,"column":1}},"line":5},"1":{"name":"(anonymous_1)","decl":{"start":{"line":11,"column":19},"end":{"line":11,"column":20}},"loc":{"start":{"line":11,"column":34},"end":{"line":15,"column":3}},"line":11},"2":{"name":"(anonymous_2)","decl":{"start":{"line":17,"column":4},"end":{"line":17,"column":5}},"loc":{"start":{"line":17,"column":10},"end":{"line":36,"column":5}},"line":17},"3":{"name":"(anonymous_3)","decl":{"start":{"line":17,"column":10},"end":{"line":17,"column":11}},"loc":{"start":{"line":17,"column":30},"end":{"line":36,"column":5}},"line":17},"4":{"name":"(anonymous_4)","decl":{"start":{"line":27,"column":8},"end":{"line":27,"column":9}},"loc":{"start":{"line":27,"column":26},"end":{"line":27,"column":64}},"line":27},"5":{"name":"(anonymous_5)","decl":{"start":{"line":30,"column":8},"end":{"line":30,"column":9}},"loc":{"start":{"line":30,"column":26},"end":{"line":30,"column":69}},"line":30},"6":{"name":"(anonymous_6)","decl":{"start":{"line":33,"column":13},"end":{"line":33,"column":14}},"loc":{"start":{"line":33,"column":29},"end":{"line":33,"column":70}},"line":33},"7":{"name":"(anonymous_7)","decl":{"start":{"line":34,"column":16},"end":{"line":34,"column":17}},"loc":{"start":{"line":34,"column":23},"end":{"line":34,"column":41}},"line":34},"8":{"name":"(anonymous_8)","decl":{"start":{"line":39,"column":32},"end":{"line":39,"column":33}},"loc":{"start":{"line":39,"column":38},"end":{"line":66,"column":3}},"line":39},"9":{"name":"(anonymous_9)","decl":{"start":{"line":39,"column":38},"end":{"line":39,"column":39}},"loc":{"start":{"line":39,"column":82},"end":{"line":66,"column":3}},"line":39},"10":{"name":"(anonymous_10)","decl":{"start":{"line":68,"column":4},"end":{"line":68,"column":5}},"loc":{"start":{"line":68,"column":11},"end":{"line":79,"column":5}},"line":68}},"branchMap":{"0":{"loc":{"start":{"line":14,"column":11},"end":{"line":14,"column":47}},"type":"binary-expr","locations":[{"start":{"line":14,"column":11},"end":{"line":14,"column":22}},{"start":{"line":14,"column":26},"end":{"line":14,"column":47}}],"line":14},"1":{"loc":{"start":{"line":27,"column":26},"end":{"line":27,"column":64}},"type":"binary-expr","locations":[{"start":{"line":27,"column":26},"end":{"line":27,"column":55}},{"start":{"line":27,"column":59},"end":{"line":27,"column":64}}],"line":27},"2":{"loc":{"start":{"line":30,"column":26},"end":{"line":30,"column":69}},"type":"binary-expr","locations":[{"start":{"line":30,"column":26},"end":{"line":30,"column":52}},{"start":{"line":30,"column":57},"end":{"line":30,"column":62}},{"start":{"line":30,"column":66},"end":{"line":30,"column":68}}],"line":30},"3":{"loc":{"start":{"line":33,"column":29},"end":{"line":33,"column":70}},"type":"binary-expr","locations":[{"start":{"line":33,"column":29},"end":{"line":33,"column":41}},{"start":{"line":33,"column":45},"end":{"line":33,"column":70}}],"line":33},"4":{"loc":{"start":{"line":39,"column":66},"end":{"line":39,"column":77}},"type":"default-arg","locations":[{"start":{"line":39,"column":75},"end":{"line":39,"column":77}}],"line":39},"5":{"loc":{"start":{"line":57,"column":4},"end":{"line":65,"column":5}},"type":"if","locations":[{"start":{"line":57,"column":4},"end":{"line":65,"column":5}},{"start":{"line":59,"column":11},"end":{"line":65,"column":5}}],"line":57},"6":{"loc":{"start":{"line":57,"column":8},"end":{"line":57,"column":52}},"type":"binary-expr","locations":[{"start":{"line":57,"column":8},"end":{"line":57,"column":31}},{"start":{"line":57,"column":35},"end":{"line":57,"column":52}}],"line":57},"7":{"loc":{"start":{"line":61,"column":6},"end":{"line":63,"column":7}},"type":"if","locations":[{"start":{"line":61,"column":6},"end":{"line":63,"column":7}},{"start":{},"end":{}}],"line":61}},"s":{"0":9,"1":116,"2":116,"3":116,"4":116,"5":116,"6":116,"7":56,"8":40,"9":40,"10":116,"11":41,"12":17,"13":17,"14":17,"15":14,"16":14,"17":14,"18":726,"19":14,"20":726,"21":14,"22":87,"23":87,"24":14,"25":116,"26":41,"27":39,"28":39,"29":39,"30":0,"31":39,"32":26,"33":0,"34":26,"35":116,"36":87,"37":116,"38":9},"f":{"0":116,"1":56,"2":41,"3":17,"4":726,"5":726,"6":87,"7":87,"8":41,"9":39,"10":87},"b":{"0":[40,40],"1":[726,240],"2":[726,240,144],"3":[87,87],"4":[34],"5":[0,39],"6":[39,0],"7":[0,26]},"_coverageSchema":"1a1c01bbd47fc00a2c39e90264f33305004495a9","hash":"8c2d49c8bf765b5d41c610803bd11cff45c0f929"}
,"D:\\Projetos\\Recepies-app\\src\\Pages\\index.js": {"path":"D:\\Projetos\\Recepies-app\\src\\Pages\\index.js","statementMap":{},"fnMap":{},"branchMap":{},"s":{},"f":{},"b":{},"_coverageSchema":"1a1c01bbd47fc00a2c39e90264f33305004495a9","hash":"e80a8955eceade2a31f2db0abc2c0298ad9933e0"}
,"D:\\Projetos\\Recepies-app\\src\\Pages\\DetailsDrinks\\DetailsDrinks.jsx": {"path":"D:\\Projetos\\Recepies-app\\src\\Pages\\DetailsDrinks\\DetailsDrinks.jsx","statementMap":{"0":{"start":{"line":7,"column":2},"end":{"line":12,"column":4}},"1":{"start":{"line":15,"column":0},"end":{"line":19,"column":13}}},"fnMap":{"0":{"name":"DetailsDrinks","decl":{"start":{"line":6,"column":9},"end":{"line":6,"column":22}},"loc":{"start":{"line":6,"column":36},"end":{"line":13,"column":1}},"line":6}},"branchMap":{},"s":{"0":6,"1":9},"f":{"0":6},"b":{},"_coverageSchema":"1a1c01bbd47fc00a2c39e90264f33305004495a9","hash":"81ca5e9c08f654aac6b213fab28f938475bc9983"}
,"D:\\Projetos\\Recepies-app\\src\\Pages\\DetailsMeals\\DetailsMeals.jsx": {"path":"D:\\Projetos\\Recepies-app\\src\\Pages\\DetailsMeals\\DetailsMeals.jsx","statementMap":{"0":{"start":{"line":7,"column":2},"end":{"line":12,"column":4}},"1":{"start":{"line":15,"column":0},"end":{"line":19,"column":13}}},"fnMap":{"0":{"name":"DetailsMeals","decl":{"start":{"line":6,"column":9},"end":{"line":6,"column":21}},"loc":{"start":{"line":6,"column":35},"end":{"line":13,"column":1}},"line":6}},"branchMap":{},"s":{"0":7,"1":9},"f":{"0":7},"b":{},"_coverageSchema":"1a1c01bbd47fc00a2c39e90264f33305004495a9","hash":"9c7b79ed120cc8fbd5bfb6c72b23b6cedfe11bff"}
,"D:\\Projetos\\Recepies-app\\src\\Pages\\DoneRecipes\\DoneRecipes.jsx": {"path":"D:\\Projetos\\Recepies-app\\src\\Pages\\DoneRecipes\\DoneRecipes.jsx","statementMap":{"0":{"start":{"line":15,"column":26},"end":{"line":15,"column":38}},"1":{"start":{"line":16,"column":34},"end":{"line":16,"column":46}},"2":{"start":{"line":17,"column":34},"end":{"line":17,"column":49}},"3":{"start":{"line":19,"column":20},"end":{"line":23,"column":3}},"4":{"start":{"line":20,"column":4},"end":{"line":22,"column":5}},"5":{"start":{"line":21,"column":6},"end":{"line":21,"column":24}},"6":{"start":{"line":25,"column":26},"end":{"line":35,"column":3}},"7":{"start":{"line":26,"column":17},"end":{"line":26,"column":64}},"8":{"start":{"line":27,"column":4},"end":{"line":33,"column":5}},"9":{"start":{"line":28,"column":6},"end":{"line":28,"column":18}},"10":{"start":{"line":29,"column":6},"end":{"line":29,"column":22}},"11":{"start":{"line":31,"column":6},"end":{"line":31,"column":20}},"12":{"start":{"line":32,"column":6},"end":{"line":32,"column":24}},"13":{"start":{"line":34,"column":4},"end":{"line":34,"column":16}},"14":{"start":{"line":36,"column":20},"end":{"line":38,"column":3}},"15":{"start":{"line":37,"column":4},"end":{"line":37,"column":22}},"16":{"start":{"line":39,"column":21},"end":{"line":43,"column":3}},"17":{"start":{"line":40,"column":4},"end":{"line":40,"column":22}},"18":{"start":{"line":41,"column":23},"end":{"line":41,"column":70}},"19":{"start":{"line":41,"column":49},"end":{"line":41,"column":69}},"20":{"start":{"line":42,"column":4},"end":{"line":42,"column":24}},"21":{"start":{"line":44,"column":22},"end":{"line":47,"column":3}},"22":{"start":{"line":45,"column":23},"end":{"line":45,"column":71}},"23":{"start":{"line":45,"column":49},"end":{"line":45,"column":70}},"24":{"start":{"line":46,"column":4},"end":{"line":46,"column":24}},"25":{"start":{"line":49,"column":2},"end":{"line":52,"column":9}},"26":{"start":{"line":50,"column":4},"end":{"line":50,"column":22}},"27":{"start":{"line":51,"column":4},"end":{"line":51,"column":16}},"28":{"start":{"line":54,"column":2},"end":{"line":56,"column":17}},"29":{"start":{"line":55,"column":4},"end":{"line":55,"column":16}},"30":{"start":{"line":57,"column":2},"end":{"line":207,"column":4}},"31":{"start":{"line":103,"column":20},"end":{"line":198,"column":26}},"32":{"start":{"line":115,"column":40},"end":{"line":115,"column":85}},"33":{"start":{"line":147,"column":42},"end":{"line":147,"column":87}},"34":{"start":{"line":189,"column":26},"end":{"line":195,"column":31}},"35":{"start":{"line":209,"column":0},"end":{"line":214,"column":13}}},"fnMap":{"0":{"name":"DoneRecipes","decl":{"start":{"line":14,"column":9},"end":{"line":14,"column":20}},"loc":{"start":{"line":14,"column":34},"end":{"line":208,"column":1}},"line":14},"1":{"name":"(anonymous_1)","decl":{"start":{"line":19,"column":20},"end":{"line":19,"column":21}},"loc":{"start":{"line":19,"column":26},"end":{"line":23,"column":3}},"line":19},"2":{"name":"(anonymous_2)","decl":{"start":{"line":25,"column":26},"end":{"line":25,"column":27}},"loc":{"start":{"line":25,"column":32},"end":{"line":35,"column":3}},"line":25},"3":{"name":"(anonymous_3)","decl":{"start":{"line":36,"column":20},"end":{"line":36,"column":21}},"loc":{"start":{"line":36,"column":26},"end":{"line":38,"column":3}},"line":36},"4":{"name":"(anonymous_4)","decl":{"start":{"line":39,"column":21},"end":{"line":39,"column":22}},"loc":{"start":{"line":39,"column":27},"end":{"line":43,"column":3}},"line":39},"5":{"name":"(anonymous_5)","decl":{"start":{"line":41,"column":39},"end":{"line":41,"column":40}},"loc":{"start":{"line":41,"column":49},"end":{"line":41,"column":69}},"line":41},"6":{"name":"(anonymous_6)","decl":{"start":{"line":44,"column":22},"end":{"line":44,"column":23}},"loc":{"start":{"line":44,"column":28},"end":{"line":47,"column":3}},"line":44},"7":{"name":"(anonymous_7)","decl":{"start":{"line":45,"column":39},"end":{"line":45,"column":40}},"loc":{"start":{"line":45,"column":49},"end":{"line":45,"column":70}},"line":45},"8":{"name":"(anonymous_8)","decl":{"start":{"line":49,"column":12},"end":{"line":49,"column":13}},"loc":{"start":{"line":49,"column":18},"end":{"line":52,"column":3}},"line":49},"9":{"name":"(anonymous_9)","decl":{"start":{"line":54,"column":12},"end":{"line":54,"column":13}},"loc":{"start":{"line":54,"column":18},"end":{"line":56,"column":3}},"line":54},"10":{"name":"(anonymous_10)","decl":{"start":{"line":102,"column":27},"end":{"line":102,"column":28}},"loc":{"start":{"line":103,"column":20},"end":{"line":198,"column":26}},"line":103},"11":{"name":"(anonymous_11)","decl":{"start":{"line":114,"column":37},"end":{"line":114,"column":38}},"loc":{"start":{"line":114,"column":43},"end":{"line":114,"column":45}},"line":114},"12":{"name":"(anonymous_12)","decl":{"start":{"line":115,"column":34},"end":{"line":115,"column":35}},"loc":{"start":{"line":115,"column":40},"end":{"line":115,"column":85}},"line":115},"13":{"name":"(anonymous_13)","decl":{"start":{"line":146,"column":39},"end":{"line":146,"column":40}},"loc":{"start":{"line":146,"column":45},"end":{"line":146,"column":47}},"line":146},"14":{"name":"(anonymous_14)","decl":{"start":{"line":147,"column":36},"end":{"line":147,"column":37}},"loc":{"start":{"line":147,"column":42},"end":{"line":147,"column":87}},"line":147},"15":{"name":"(anonymous_15)","decl":{"start":{"line":188,"column":40},"end":{"line":188,"column":41}},"loc":{"start":{"line":189,"column":26},"end":{"line":195,"column":31}},"line":189}},"branchMap":{"0":{"loc":{"start":{"line":20,"column":4},"end":{"line":22,"column":5}},"type":"if","locations":[{"start":{"line":20,"column":4},"end":{"line":22,"column":5}},{"start":{},"end":{}}],"line":20},"1":{"loc":{"start":{"line":27,"column":4},"end":{"line":33,"column":5}},"type":"if","locations":[{"start":{"line":27,"column":4},"end":{"line":33,"column":5}},{"start":{"line":30,"column":11},"end":{"line":33,"column":5}}],"line":27},"2":{"loc":{"start":{"line":27,"column":8},"end":{"line":27,"column":34}},"type":"binary-expr","locations":[{"start":{"line":27,"column":8},"end":{"line":27,"column":21}},{"start":{"line":27,"column":25},"end":{"line":27,"column":34}}],"line":27},"3":{"loc":{"start":{"line":61,"column":8},"end":{"line":203,"column":11}},"type":"cond-expr","locations":[{"start":{"line":63,"column":12},"end":{"line":68,"column":17}},{"start":{"line":70,"column":12},"end":{"line":202,"column":19}}],"line":61}},"s":{"0":23,"1":23,"2":23,"3":23,"4":28,"5":28,"6":23,"7":7,"8":7,"9":4,"10":4,"11":3,"12":3,"13":7,"14":23,"15":1,"16":23,"17":1,"18":1,"19":2,"20":1,"21":23,"22":1,"23":2,"24":1,"25":23,"26":7,"27":7,"28":23,"29":14,"30":23,"31":14,"32":2,"33":1,"34":14,"35":9},"f":{"0":23,"1":28,"2":7,"3":1,"4":1,"5":2,"6":1,"7":2,"8":7,"9":14,"10":14,"11":0,"12":2,"13":0,"14":1,"15":14},"b":{"0":[28,0],"1":[4,3],"2":[7,3],"3":[7,16]},"_coverageSchema":"1a1c01bbd47fc00a2c39e90264f33305004495a9","hash":"26cf147fddc62618ace158d6dea471f343e36e46"}
,"D:\\Projetos\\Recepies-app\\src\\Pages\\Drinks\\Drinks.jsx": {"path":"D:\\Projetos\\Recepies-app\\src\\Pages\\Drinks\\Drinks.jsx","statementMap":{"0":{"start":{"line":11,"column":2},"end":{"line":18,"column":4}},"1":{"start":{"line":21,"column":0},"end":{"line":25,"column":13}}},"fnMap":{"0":{"name":"Drinks","decl":{"start":{"line":10,"column":9},"end":{"line":10,"column":15}},"loc":{"start":{"line":10,"column":29},"end":{"line":19,"column":1}},"line":10}},"branchMap":{},"s":{"0":8,"1":9},"f":{"0":8},"b":{},"_coverageSchema":"1a1c01bbd47fc00a2c39e90264f33305004495a9","hash":"7074f2c76d5f2b3fa9f38b9eef981ab55f8c2a91"}
,"D:\\Projetos\\Recepies-app\\src\\Pages\\FavoriteRecipes\\FavoriteRecipes.jsx": {"path":"D:\\Projetos\\Recepies-app\\src\\Pages\\FavoriteRecipes\\FavoriteRecipes.jsx","statementMap":{"0":{"start":{"line":15,"column":26},"end":{"line":15,"column":38}},"1":{"start":{"line":16,"column":34},"end":{"line":16,"column":46}},"2":{"start":{"line":17,"column":34},"end":{"line":17,"column":49}},"3":{"start":{"line":19,"column":23},"end":{"line":26,"column":3}},"4":{"start":{"line":20,"column":19},"end":{"line":20,"column":30}},"5":{"start":{"line":21,"column":25},"end":{"line":21,"column":82}},"6":{"start":{"line":22,"column":25},"end":{"line":22,"column":74}},"7":{"start":{"line":22,"column":55},"end":{"line":22,"column":73}},"8":{"start":{"line":23,"column":4},"end":{"line":23,"column":74}},"9":{"start":{"line":24,"column":4},"end":{"line":24,"column":30}},"10":{"start":{"line":25,"column":4},"end":{"line":25,"column":26}},"11":{"start":{"line":27,"column":20},"end":{"line":31,"column":3}},"12":{"start":{"line":28,"column":4},"end":{"line":30,"column":5}},"13":{"start":{"line":29,"column":6},"end":{"line":29,"column":24}},"14":{"start":{"line":32,"column":26},"end":{"line":42,"column":3}},"15":{"start":{"line":33,"column":17},"end":{"line":33,"column":68}},"16":{"start":{"line":34,"column":4},"end":{"line":40,"column":5}},"17":{"start":{"line":35,"column":6},"end":{"line":35,"column":18}},"18":{"start":{"line":36,"column":6},"end":{"line":36,"column":22}},"19":{"start":{"line":38,"column":6},"end":{"line":38,"column":20}},"20":{"start":{"line":39,"column":6},"end":{"line":39,"column":24}},"21":{"start":{"line":41,"column":4},"end":{"line":41,"column":16}},"22":{"start":{"line":43,"column":20},"end":{"line":45,"column":3}},"23":{"start":{"line":44,"column":4},"end":{"line":44,"column":22}},"24":{"start":{"line":46,"column":21},"end":{"line":50,"column":3}},"25":{"start":{"line":47,"column":4},"end":{"line":47,"column":22}},"26":{"start":{"line":48,"column":23},"end":{"line":48,"column":70}},"27":{"start":{"line":48,"column":49},"end":{"line":48,"column":69}},"28":{"start":{"line":49,"column":4},"end":{"line":49,"column":24}},"29":{"start":{"line":51,"column":22},"end":{"line":54,"column":3}},"30":{"start":{"line":52,"column":23},"end":{"line":52,"column":71}},"31":{"start":{"line":52,"column":49},"end":{"line":52,"column":70}},"32":{"start":{"line":53,"column":4},"end":{"line":53,"column":24}},"33":{"start":{"line":55,"column":2},"end":{"line":58,"column":9}},"34":{"start":{"line":56,"column":4},"end":{"line":56,"column":22}},"35":{"start":{"line":57,"column":4},"end":{"line":57,"column":16}},"36":{"start":{"line":60,"column":2},"end":{"line":62,"column":30}},"37":{"start":{"line":61,"column":4},"end":{"line":61,"column":16}},"38":{"start":{"line":64,"column":2},"end":{"line":210,"column":4}},"39":{"start":{"line":105,"column":20},"end":{"line":200,"column":26}},"40":{"start":{"line":117,"column":40},"end":{"line":117,"column":85}},"41":{"start":{"line":149,"column":42},"end":{"line":149,"column":87}},"42":{"start":{"line":212,"column":0},"end":{"line":217,"column":13}}},"fnMap":{"0":{"name":"FavoriteRecipes","decl":{"start":{"line":14,"column":9},"end":{"line":14,"column":24}},"loc":{"start":{"line":14,"column":38},"end":{"line":211,"column":1}},"line":14},"1":{"name":"(anonymous_1)","decl":{"start":{"line":19,"column":23},"end":{"line":19,"column":24}},"loc":{"start":{"line":19,"column":39},"end":{"line":26,"column":3}},"line":19},"2":{"name":"(anonymous_2)","decl":{"start":{"line":22,"column":45},"end":{"line":22,"column":46}},"loc":{"start":{"line":22,"column":55},"end":{"line":22,"column":73}},"line":22},"3":{"name":"(anonymous_3)","decl":{"start":{"line":27,"column":20},"end":{"line":27,"column":21}},"loc":{"start":{"line":27,"column":26},"end":{"line":31,"column":3}},"line":27},"4":{"name":"(anonymous_4)","decl":{"start":{"line":32,"column":26},"end":{"line":32,"column":27}},"loc":{"start":{"line":32,"column":32},"end":{"line":42,"column":3}},"line":32},"5":{"name":"(anonymous_5)","decl":{"start":{"line":43,"column":20},"end":{"line":43,"column":21}},"loc":{"start":{"line":43,"column":26},"end":{"line":45,"column":3}},"line":43},"6":{"name":"(anonymous_6)","decl":{"start":{"line":46,"column":21},"end":{"line":46,"column":22}},"loc":{"start":{"line":46,"column":27},"end":{"line":50,"column":3}},"line":46},"7":{"name":"(anonymous_7)","decl":{"start":{"line":48,"column":39},"end":{"line":48,"column":40}},"loc":{"start":{"line":48,"column":49},"end":{"line":48,"column":69}},"line":48},"8":{"name":"(anonymous_8)","decl":{"start":{"line":51,"column":22},"end":{"line":51,"column":23}},"loc":{"start":{"line":51,"column":28},"end":{"line":54,"column":3}},"line":51},"9":{"name":"(anonymous_9)","decl":{"start":{"line":52,"column":39},"end":{"line":52,"column":40}},"loc":{"start":{"line":52,"column":49},"end":{"line":52,"column":70}},"line":52},"10":{"name":"(anonymous_10)","decl":{"start":{"line":55,"column":12},"end":{"line":55,"column":13}},"loc":{"start":{"line":55,"column":18},"end":{"line":58,"column":3}},"line":55},"11":{"name":"(anonymous_11)","decl":{"start":{"line":60,"column":12},"end":{"line":60,"column":13}},"loc":{"start":{"line":60,"column":18},"end":{"line":62,"column":3}},"line":60},"12":{"name":"(anonymous_12)","decl":{"start":{"line":104,"column":27},"end":{"line":104,"column":28}},"loc":{"start":{"line":105,"column":20},"end":{"line":200,"column":26}},"line":105},"13":{"name":"(anonymous_13)","decl":{"start":{"line":116,"column":37},"end":{"line":116,"column":38}},"loc":{"start":{"line":116,"column":43},"end":{"line":116,"column":45}},"line":116},"14":{"name":"(anonymous_14)","decl":{"start":{"line":117,"column":34},"end":{"line":117,"column":35}},"loc":{"start":{"line":117,"column":40},"end":{"line":117,"column":85}},"line":117},"15":{"name":"(anonymous_15)","decl":{"start":{"line":148,"column":39},"end":{"line":148,"column":40}},"loc":{"start":{"line":148,"column":45},"end":{"line":148,"column":47}},"line":148},"16":{"name":"(anonymous_16)","decl":{"start":{"line":149,"column":36},"end":{"line":149,"column":37}},"loc":{"start":{"line":149,"column":42},"end":{"line":149,"column":87}},"line":149}},"branchMap":{"0":{"loc":{"start":{"line":21,"column":25},"end":{"line":21,"column":82}},"type":"binary-expr","locations":[{"start":{"line":21,"column":25},"end":{"line":21,"column":76}},{"start":{"line":21,"column":80},"end":{"line":21,"column":82}}],"line":21},"1":{"loc":{"start":{"line":28,"column":4},"end":{"line":30,"column":5}},"type":"if","locations":[{"start":{"line":28,"column":4},"end":{"line":30,"column":5}},{"start":{},"end":{}}],"line":28},"2":{"loc":{"start":{"line":34,"column":4},"end":{"line":40,"column":5}},"type":"if","locations":[{"start":{"line":34,"column":4},"end":{"line":40,"column":5}},{"start":{"line":37,"column":11},"end":{"line":40,"column":5}}],"line":34},"3":{"loc":{"start":{"line":34,"column":8},"end":{"line":34,"column":34}},"type":"binary-expr","locations":[{"start":{"line":34,"column":8},"end":{"line":34,"column":21}},{"start":{"line":34,"column":25},"end":{"line":34,"column":34}}],"line":34},"4":{"loc":{"start":{"line":68,"column":8},"end":{"line":205,"column":11}},"type":"cond-expr","locations":[{"start":{"line":69,"column":12},"end":{"line":69,"column":43}},{"start":{"line":71,"column":12},"end":{"line":204,"column":19}}],"line":68}},"s":{"0":3,"1":3,"2":3,"3":3,"4":0,"5":0,"6":0,"7":0,"8":0,"9":0,"10":0,"11":3,"12":4,"13":4,"14":3,"15":1,"16":1,"17":1,"18":1,"19":0,"20":0,"21":1,"22":3,"23":0,"24":3,"25":0,"26":0,"27":0,"28":0,"29":3,"30":0,"31":0,"32":0,"33":3,"34":1,"35":1,"36":3,"37":2,"38":3,"39":0,"40":0,"41":0,"42":9},"f":{"0":3,"1":0,"2":0,"3":4,"4":1,"5":0,"6":0,"7":0,"8":0,"9":0,"10":1,"11":2,"12":0,"13":0,"14":0,"15":0,"16":0},"b":{"0":[0,0],"1":[4,0],"2":[1,0],"3":[1,0],"4":[1,2]},"_coverageSchema":"1a1c01bbd47fc00a2c39e90264f33305004495a9","hash":"c50c995c5a9dd2567882f322f62b1c2f069f0e6e"}
,"D:\\Projetos\\Recepies-app\\src\\Pages\\Login\\Login.jsx": {"path":"D:\\Projetos\\Recepies-app\\src\\Pages\\Login\\Login.jsx","statementMap":{"0":{"start":{"line":16,"column":25},"end":{"line":16,"column":44}},"1":{"start":{"line":17,"column":28},"end":{"line":17,"column":40}},"2":{"start":{"line":18,"column":34},"end":{"line":18,"column":46}},"3":{"start":{"line":19,"column":28},"end":{"line":19,"column":43}},"4":{"start":{"line":21,"column":25},"end":{"line":21,"column":49}},"5":{"start":{"line":22,"column":22},"end":{"line":35,"column":3}},"6":{"start":{"line":23,"column":4},"end":{"line":34,"column":5}},"7":{"start":{"line":24,"column":21},"end":{"line":24,"column":64}},"8":{"start":{"line":25,"column":19},"end":{"line":28,"column":7}},"9":{"start":{"line":29,"column":6},"end":{"line":29,"column":59}},"10":{"start":{"line":30,"column":6},"end":{"line":30,"column":39}},"11":{"start":{"line":31,"column":6},"end":{"line":31,"column":29}},"12":{"start":{"line":33,"column":6},"end":{"line":33,"column":25}},"13":{"start":{"line":37,"column":22},"end":{"line":49,"column":3}},"14":{"start":{"line":38,"column":17},"end":{"line":38,"column":38}},"15":{"start":{"line":39,"column":17},"end":{"line":39,"column":58}},"16":{"start":{"line":40,"column":21},"end":{"line":40,"column":38}},"17":{"start":{"line":41,"column":20},"end":{"line":41,"column":28}},"18":{"start":{"line":42,"column":4},"end":{"line":42,"column":20}},"19":{"start":{"line":43,"column":17},"end":{"line":46,"column":5}},"20":{"start":{"line":47,"column":4},"end":{"line":47,"column":57}},"21":{"start":{"line":48,"column":4},"end":{"line":48,"column":27}},"22":{"start":{"line":50,"column":23},"end":{"line":70,"column":3}},"23":{"start":{"line":51,"column":28},"end":{"line":51,"column":40}},"24":{"start":{"line":52,"column":28},"end":{"line":52,"column":29}},"25":{"start":{"line":53,"column":18},"end":{"line":53,"column":32}},"26":{"start":{"line":54,"column":22},"end":{"line":54,"column":27}},"27":{"start":{"line":55,"column":21},"end":{"line":55,"column":26}},"28":{"start":{"line":56,"column":4},"end":{"line":60,"column":5}},"29":{"start":{"line":57,"column":6},"end":{"line":57,"column":22}},"30":{"start":{"line":58,"column":6},"end":{"line":58,"column":47}},"31":{"start":{"line":59,"column":6},"end":{"line":59,"column":54}},"32":{"start":{"line":60,"column":6},"end":{"line":64,"column":5}},"33":{"start":{"line":61,"column":6},"end":{"line":61,"column":25}},"34":{"start":{"line":62,"column":6},"end":{"line":62,"column":51}},"35":{"start":{"line":63,"column":6},"end":{"line":63,"column":47}},"36":{"start":{"line":65,"column":4},"end":{"line":69,"column":5}},"37":{"start":{"line":66,"column":6},"end":{"line":66,"column":21}},"38":{"start":{"line":68,"column":6},"end":{"line":68,"column":22}},"39":{"start":{"line":72,"column":2},"end":{"line":129,"column":4}},"40":{"start":{"line":131,"column":0},"end":{"line":135,"column":13}}},"fnMap":{"0":{"name":"Login","decl":{"start":{"line":15,"column":9},"end":{"line":15,"column":14}},"loc":{"start":{"line":15,"column":28},"end":{"line":130,"column":1}},"line":15},"1":{"name":"(anonymous_1)","decl":{"start":{"line":22,"column":22},"end":{"line":22,"column":23}},"loc":{"start":{"line":22,"column":34},"end":{"line":35,"column":3}},"line":22},"2":{"name":"(anonymous_2)","decl":{"start":{"line":37,"column":22},"end":{"line":37,"column":23}},"loc":{"start":{"line":37,"column":34},"end":{"line":49,"column":3}},"line":37},"3":{"name":"(anonymous_3)","decl":{"start":{"line":50,"column":23},"end":{"line":50,"column":24}},"loc":{"start":{"line":50,"column":34},"end":{"line":70,"column":3}},"line":50}},"branchMap":{"0":{"loc":{"start":{"line":56,"column":4},"end":{"line":60,"column":5}},"type":"if","locations":[{"start":{"line":56,"column":4},"end":{"line":60,"column":5}},{"start":{},"end":{}}],"line":56},"1":{"loc":{"start":{"line":58,"column":20},"end":{"line":58,"column":46}},"type":"binary-expr","locations":[{"start":{"line":58,"column":20},"end":{"line":58,"column":25}},{"start":{"line":58,"column":29},"end":{"line":58,"column":46}}],"line":58},"2":{"loc":{"start":{"line":60,"column":6},"end":{"line":64,"column":5}},"type":"if","locations":[{"start":{"line":60,"column":6},"end":{"line":64,"column":5}},{"start":{},"end":{}}],"line":60},"3":{"loc":{"start":{"line":63,"column":20},"end":{"line":63,"column":46}},"type":"binary-expr","locations":[{"start":{"line":63,"column":20},"end":{"line":63,"column":25}},{"start":{"line":63,"column":29},"end":{"line":63,"column":46}}],"line":63},"4":{"loc":{"start":{"line":65,"column":4},"end":{"line":69,"column":5}},"type":"if","locations":[{"start":{"line":65,"column":4},"end":{"line":69,"column":5}},{"start":{"line":67,"column":11},"end":{"line":69,"column":5}}],"line":65},"5":{"loc":{"start":{"line":65,"column":8},"end":{"line":65,"column":33}},"type":"binary-expr","locations":[{"start":{"line":65,"column":8},"end":{"line":65,"column":19}},{"start":{"line":65,"column":23},"end":{"line":65,"column":33}}],"line":65}},"s":{"0":47,"1":47,"2":47,"3":47,"4":47,"5":47,"6":0,"7":0,"8":0,"9":0,"10":0,"11":0,"12":0,"13":47,"14":2,"15":2,"16":2,"17":0,"18":0,"19":0,"20":0,"21":0,"22":47,"23":44,"24":44,"25":44,"26":44,"27":44,"28":44,"29":30,"30":30,"31":30,"32":44,"33":14,"34":14,"35":14,"36":44,"37":4,"38":40,"39":47,"40":9},"f":{"0":47,"1":0,"2":2,"3":44},"b":{"0":[30,14],"1":[30,30],"2":[14,30],"3":[14,14],"4":[4,40],"5":[44,20]},"_coverageSchema":"1a1c01bbd47fc00a2c39e90264f33305004495a9","hash":"7e23b56b5e8e4964909ec1267cb7871835d9648f"}
,"D:\\Projetos\\Recepies-app\\src\\Pages\\Meals\\Meals.jsx": {"path":"D:\\Projetos\\Recepies-app\\src\\Pages\\Meals\\Meals.jsx","statementMap":{"0":{"start":{"line":11,"column":2},"end":{"line":18,"column":4}},"1":{"start":{"line":21,"column":0},"end":{"line":25,"column":13}}},"fnMap":{"0":{"name":"Meals","decl":{"start":{"line":10,"column":9},"end":{"line":10,"column":14}},"loc":{"start":{"line":10,"column":28},"end":{"line":19,"column":1}},"line":10}},"branchMap":{},"s":{"0":12,"1":9},"f":{"0":12},"b":{},"_coverageSchema":"1a1c01bbd47fc00a2c39e90264f33305004495a9","hash":"54dd1ece4d17719f30b8df7a5630e8f7acc2e3e7"}
,"D:\\Projetos\\Recepies-app\\src\\Pages\\Profile\\Profile.jsx": {"path":"D:\\Projetos\\Recepies-app\\src\\Pages\\Profile\\Profile.jsx","statementMap":{"0":{"start":{"line":13,"column":28},"end":{"line":13,"column":45}},"1":{"start":{"line":14,"column":34},"end":{"line":14,"column":53}},"2":{"start":{"line":15,"column":36},"end":{"line":15,"column":48}},"3":{"start":{"line":17,"column":31},"end":{"line":26,"column":3}},"4":{"start":{"line":18,"column":17},"end":{"line":18,"column":57}},"5":{"start":{"line":19,"column":4},"end":{"line":25,"column":5}},"6":{"start":{"line":20,"column":6},"end":{"line":20,"column":33}},"7":{"start":{"line":22,"column":6},"end":{"line":22,"column":27}},"8":{"start":{"line":23,"column":6},"end":{"line":23,"column":33}},"9":{"start":{"line":24,"column":6},"end":{"line":24,"column":31}},"10":{"start":{"line":28,"column":33},"end":{"line":33,"column":3}},"11":{"start":{"line":30,"column":4},"end":{"line":30,"column":36}},"12":{"start":{"line":31,"column":4},"end":{"line":31,"column":49}},"13":{"start":{"line":32,"column":4},"end":{"line":32,"column":43}},"14":{"start":{"line":35,"column":2},"end":{"line":37,"column":9}},"15":{"start":{"line":36,"column":4},"end":{"line":36,"column":27}},"16":{"start":{"line":38,"column":2},"end":{"line":103,"column":4}},"17":{"start":{"line":68,"column":28},"end":{"line":68,"column":57}},"18":{"start":{"line":78,"column":28},"end":{"line":78,"column":61}},"19":{"start":{"line":90,"column":14},"end":{"line":90,"column":39}},"20":{"start":{"line":91,"column":28},"end":{"line":91,"column":37}},"21":{"start":{"line":92,"column":14},"end":{"line":96,"column":17}},"22":{"start":{"line":93,"column":16},"end":{"line":93,"column":34}},"23":{"start":{"line":95,"column":16},"end":{"line":95,"column":35}},"24":{"start":{"line":97,"column":14},"end":{"line":97,"column":32}},"25":{"start":{"line":106,"column":0},"end":{"line":110,"column":13}}},"fnMap":{"0":{"name":"Profile","decl":{"start":{"line":12,"column":9},"end":{"line":12,"column":16}},"loc":{"start":{"line":12,"column":30},"end":{"line":104,"column":1}},"line":12},"1":{"name":"(anonymous_1)","decl":{"start":{"line":17,"column":31},"end":{"line":17,"column":32}},"loc":{"start":{"line":17,"column":37},"end":{"line":26,"column":3}},"line":17},"2":{"name":"(anonymous_2)","decl":{"start":{"line":28,"column":33},"end":{"line":28,"column":34}},"loc":{"start":{"line":28,"column":39},"end":{"line":33,"column":3}},"line":28},"3":{"name":"(anonymous_3)","decl":{"start":{"line":35,"column":12},"end":{"line":35,"column":13}},"loc":{"start":{"line":35,"column":18},"end":{"line":37,"column":3}},"line":35},"4":{"name":"(anonymous_4)","decl":{"start":{"line":68,"column":22},"end":{"line":68,"column":23}},"loc":{"start":{"line":68,"column":28},"end":{"line":68,"column":57}},"line":68},"5":{"name":"(anonymous_5)","decl":{"start":{"line":78,"column":22},"end":{"line":78,"column":23}},"loc":{"start":{"line":78,"column":28},"end":{"line":78,"column":61}},"line":78},"6":{"name":"(anonymous_6)","decl":{"start":{"line":89,"column":22},"end":{"line":89,"column":23}},"loc":{"start":{"line":89,"column":28},"end":{"line":98,"column":13}},"line":89},"7":{"name":"(anonymous_7)","decl":{"start":{"line":92,"column":34},"end":{"line":92,"column":35}},"loc":{"start":{"line":92,"column":40},"end":{"line":94,"column":15}},"line":92},"8":{"name":"(anonymous_8)","decl":{"start":{"line":94,"column":23},"end":{"line":94,"column":24}},"loc":{"start":{"line":94,"column":34},"end":{"line":96,"column":15}},"line":94}},"branchMap":{"0":{"loc":{"start":{"line":19,"column":4},"end":{"line":25,"column":5}},"type":"if","locations":[{"start":{"line":19,"column":4},"end":{"line":25,"column":5}},{"start":{"line":21,"column":11},"end":{"line":25,"column":5}}],"line":19},"1":{"loc":{"start":{"line":53,"column":21},"end":{"line":53,"column":41}},"type":"binary-expr","locations":[{"start":{"line":53,"column":21},"end":{"line":53,"column":28}},{"start":{"line":53,"column":32},"end":{"line":53,"column":41}}],"line":53}},"s":{"0":18,"1":18,"2":18,"3":18,"4":9,"5":9,"6":9,"7":0,"8":0,"9":0,"10":18,"11":1,"12":1,"13":1,"14":18,"15":9,"16":18,"17":2,"18":1,"19":1,"20":1,"21":1,"22":1,"23":0,"24":1,"25":9},"f":{"0":18,"1":9,"2":1,"3":9,"4":2,"5":1,"6":1,"7":1,"8":0},"b":{"0":[9,0],"1":[18,18]},"_coverageSchema":"1a1c01bbd47fc00a2c39e90264f33305004495a9","hash":"b41a11ce43e71149093a53aff2c8b017254fd968"}
,"D:\\Projetos\\Recepies-app\\src\\Pages\\RecipeDrinks\\RecipeDrinks.jsx": {"path":"D:\\Projetos\\Recepies-app\\src\\Pages\\RecipeDrinks\\RecipeDrinks.jsx","statementMap":{"0":{"start":{"line":8,"column":2},"end":{"line":13,"column":4}},"1":{"start":{"line":16,"column":0},"end":{"line":18,"column":13}}},"fnMap":{"0":{"name":"RecipeDrinks","decl":{"start":{"line":7,"column":9},"end":{"line":7,"column":21}},"loc":{"start":{"line":7,"column":35},"end":{"line":14,"column":1}},"line":7}},"branchMap":{},"s":{"0":2,"1":9},"f":{"0":2},"b":{},"_coverageSchema":"1a1c01bbd47fc00a2c39e90264f33305004495a9","hash":"63693460a0cede1247a27e10e9ad0e4658d4c608"}
,"D:\\Projetos\\Recepies-app\\src\\Pages\\RecipeMeals\\RecipeMeals.jsx": {"path":"D:\\Projetos\\Recepies-app\\src\\Pages\\RecipeMeals\\RecipeMeals.jsx","statementMap":{"0":{"start":{"line":8,"column":2},"end":{"line":13,"column":4}},"1":{"start":{"line":16,"column":0},"end":{"line":18,"column":13}}},"fnMap":{"0":{"name":"RecipeMeals","decl":{"start":{"line":7,"column":9},"end":{"line":7,"column":20}},"loc":{"start":{"line":7,"column":34},"end":{"line":14,"column":1}},"line":7}},"branchMap":{},"s":{"0":1,"1":9},"f":{"0":1},"b":{},"_coverageSchema":"1a1c01bbd47fc00a2c39e90264f33305004495a9","hash":"a474d366ccad7f6fc2874da769bb946e0336e397"}
,"D:\\Projetos\\Recepies-app\\src\\utils\\firebase.js": {"path":"D:\\Projetos\\Recepies-app\\src\\utils\\firebase.js","statementMap":{"0":{"start":{"line":10,"column":23},"end":{"line":18,"column":1}},"1":{"start":{"line":21,"column":12},"end":{"line":21,"column":41}},"2":{"start":{"line":23,"column":20},"end":{"line":23,"column":29}},"3":{"start":{"line":24,"column":18},"end":{"line":24,"column":35}}},"fnMap":{},"branchMap":{},"s":{"0":9,"1":9,"2":9,"3":9},"f":{},"b":{},"_coverageSchema":"1a1c01bbd47fc00a2c39e90264f33305004495a9","hash":"18a8b7a2191baf8dfbb4f87a90546ae562ae69fd"}
}
