TN:
SF:src\App.js
FN:19,App
FNF:1
FNH:1
FNDA:33,App
DA:20,33
DA:21,33
LF:2
LH:2
BRF:0
BRH:0
end_of_record
TN:
SF:src\Components\Category.js
FN:8,Category
FN:15,(anonymous_1)
FN:20,(anonymous_2)
FN:25,(anonymous_3)
FN:25,(anonymous_4)
FN:34,(anonymous_5)
FN:38,(anonymous_6)
FN:40,(anonymous_7)
FN:51,(anonymous_8)
FN:82,(anonymous_9)
FNF:10
FNH:7
FNDA:63,Category
FNDA:0,(anonymous_1)
FNDA:20,(anonymous_2)
FNDA:20,(anonymous_3)
FNDA:20,(anonymous_4)
FNDA:20,(anonymous_5)
FNDA:2,(anonymous_6)
FNDA:0,(anonymous_7)
FNDA:0,(anonymous_8)
FNDA:105,(anonymous_9)
DA:9,63
DA:10,63
DA:11,63
DA:12,63
DA:14,63
DA:15,63
DA:16,0
DA:17,0
DA:20,63
DA:25,63
DA:26,20
DA:27,20
DA:28,20
DA:29,15
DA:30,15
DA:31,15
DA:34,63
DA:35,20
DA:38,63
DA:39,2
DA:40,0
DA:41,0
DA:43,0
DA:45,2
DA:46,2
DA:47,2
DA:51,63
DA:52,0
DA:53,0
DA:56,63
DA:84,105
DA:102,9
LF:32
LH:25
BRDA:39,0,0,0
BRDA:39,0,1,2
BRDA:58,1,0,0
BRDA:58,1,1,63
BRF:4
BRH:2
end_of_record
TN:
SF:src\Components\Recipes.js
FN:6,Recipes
FN:14,(anonymous_1)
FN:18,(anonymous_2)
FN:31,(anonymous_3)
FN:39,(anonymous_4)
FN:43,(anonymous_5)
FNF:6
FNH:5
FNDA:64,Recipes
FNDA:20,(anonymous_1)
FNDA:33,(anonymous_2)
FNDA:150,(anonymous_3)
FNDA:0,(anonymous_4)
FNDA:3,(anonymous_5)
DA:7,64
DA:8,64
DA:10,64
DA:12,64
DA:14,64
DA:15,20
DA:18,64
DA:19,33
DA:20,33
DA:21,33
DA:22,2
DA:23,2
DA:25,31
DA:26,31
DA:29,64
DA:32,150
DA:43,3
DA:63,9
LF:18
LH:18
BRDA:12,0,0,41
BRDA:12,0,1,23
BRDA:20,1,0,21
BRDA:20,1,1,12
BRDA:20,2,0,33
BRDA:20,2,1,33
BRDA:21,3,0,2
BRDA:21,3,1,31
BRDA:21,4,0,33
BRDA:21,4,1,2
BRF:10
BRH:10
end_of_record
TN:
SF:src\Components\SearchBar.jsx
FN:4,SearchBar
FN:9,(anonymous_1)
FN:26,(anonymous_2)
FN:37,(anonymous_3)
FN:48,(anonymous_4)
FN:65,(anonymous_5)
FNF:6
FNH:6
FNDA:40,SearchBar
FNDA:26,(anonymous_1)
FNDA:1,(anonymous_2)
FNDA:3,(anonymous_3)
FNDA:1,(anonymous_4)
FNDA:3,(anonymous_5)
DA:5,40
DA:6,40
DA:7,40
DA:9,40
DA:10,26
DA:11,26
DA:13,40
DA:14,40
DA:26,1
DA:37,3
DA:48,1
DA:65,3
LF:12
LH:12
BRF:0
BRH:0
end_of_record
TN:
SF:src\Components\Footer\Footer.jsx
FN:10,Footer
FN:14,(anonymous_1)
FN:19,(anonymous_2)
FNF:3
FNH:3
FNDA:89,Footer
FNDA:44,(anonymous_1)
FNDA:44,(anonymous_2)
DA:11,89
DA:12,89
DA:14,89
DA:15,44
DA:16,44
DA:19,89
DA:20,44
DA:22,89
DA:68,9
LF:9
LH:9
BRDA:28,0,0,89
BRDA:28,0,1,25
BRDA:48,1,0,89
BRDA:48,1,1,30
BRF:4
BRH:4
end_of_record
TN:
SF:src\Components\Header\Header.jsx
FN:11,Header
FN:16,(anonymous_1)
FN:55,(anonymous_2)
FNF:3
FNH:3
FNDA:104,Header
FNDA:56,(anonymous_1)
FNDA:5,(anonymous_2)
DA:12,104
DA:13,104
DA:14,104
DA:16,104
DA:17,56
DA:18,56
DA:19,56
DA:20,56
DA:23,104
DA:55,5
DA:69,9
DA:75,9
LF:12
LH:12
BRDA:17,0,0,56
BRDA:17,0,1,56
BRDA:26,1,0,104
BRDA:26,1,1,104
BRDA:39,2,0,104
BRDA:39,2,1,104
BRDA:42,3,0,104
BRDA:42,3,1,28
BRDA:50,4,0,104
BRDA:50,4,1,78
BRDA:65,5,0,104
BRDA:65,5,1,9
BRF:12
BRH:12
end_of_record
TN:
SF:src\Components\RecepiesInPro\RecepiesInProg.js
FN:14,RecipesInProg
FN:20,(anonymous_1)
FN:24,(anonymous_2)
FN:32,(anonymous_3)
FN:36,(anonymous_4)
FN:39,(anonymous_5)
FN:48,(anonymous_6)
FN:55,(anonymous_7)
FN:59,(anonymous_8)
FN:64,(anonymous_9)
FN:94,(anonymous_10)
FNF:11
FNH:4
FNDA:3,RecipesInProg
FNDA:3,(anonymous_1)
FNDA:0,(anonymous_2)
FNDA:3,(anonymous_3)
FNDA:3,(anonymous_4)
FNDA:0,(anonymous_5)
FNDA:0,(anonymous_6)
FNDA:0,(anonymous_7)
FNDA:0,(anonymous_8)
FNDA:0,(anonymous_9)
FNDA:0,(anonymous_10)
DA:15,3
DA:17,3
DA:18,3
DA:20,3
DA:21,3
DA:22,3
DA:23,0
DA:24,0
DA:25,0
DA:26,0
DA:27,0
DA:32,3
DA:33,3
DA:36,3
DA:37,3
DA:38,0
DA:39,0
DA:41,0
DA:48,3
DA:49,0
DA:50,0
DA:51,0
DA:52,0
DA:54,0
DA:55,0
DA:59,3
DA:60,0
DA:61,0
DA:64,3
DA:65,0
DA:66,0
DA:67,0
DA:68,0
DA:69,0
DA:80,0
DA:81,0
DA:82,0
DA:85,3
DA:95,0
DA:140,9
LF:40
LH:15
BRDA:21,0,0,3
BRDA:21,0,1,3
BRDA:22,1,0,0
BRDA:22,1,1,3
BRDA:22,2,0,3
BRDA:22,2,1,0
BRDA:37,3,0,0
BRDA:37,3,1,3
BRDA:38,4,0,0
BRDA:38,4,1,0
BRDA:50,5,0,0
BRDA:50,5,1,0
BRDA:66,6,0,0
BRDA:66,6,1,0
BRDA:67,7,0,0
BRDA:67,7,1,0
BRDA:68,8,0,0
BRDA:68,8,1,0
BRDA:72,9,0,0
BRDA:72,9,1,0
BRDA:78,10,0,0
BRDA:78,10,1,0
BRDA:80,11,0,0
BRDA:80,11,1,0
BRF:24
BRH:5
end_of_record
TN:
SF:src\Components\RecipesDetails\Carousel.js
FN:6,Carousel
FN:28,(anonymous_1)
FNF:2
FNH:2
FNDA:30,Carousel
FNDA:6,(anonymous_1)
DA:7,30
DA:29,6
DA:48,9
LF:3
LH:3
BRDA:12,0,0,30
BRDA:12,0,1,17
BRF:2
BRH:2
end_of_record
TN:
SF:src\Components\RecipesDetails\Instruction.js
FN:5,Instructions
FN:9,(anonymous_1)
FN:32,(anonymous_2)
FNF:3
FNH:3
FNDA:30,Instructions
FNDA:16,(anonymous_1)
FNDA:12,(anonymous_2)
DA:6,30
DA:7,30
DA:9,30
DA:10,16
DA:11,0
DA:12,0
DA:13,0
DA:17,30
DA:33,12
DA:81,9
LF:10
LH:7
BRDA:10,0,0,0
BRDA:10,0,1,16
BRDA:10,1,0,16
BRDA:10,1,1,7
BRDA:51,2,0,0
BRDA:51,2,1,30
BRDA:53,3,0,0
BRDA:53,3,1,0
BRF:8
BRH:4
end_of_record
TN:
SF:src\Components\RecipesDetails\RecipeDetails.js
FN:18,RecipeDetails
FN:28,(anonymous_1)
FN:39,(anonymous_2)
FN:89,(anonymous_3)
FNF:4
FNH:4
FNDA:31,RecipeDetails
FNDA:15,(anonymous_1)
FNDA:8,(anonymous_2)
FNDA:3,(anonymous_3)
DA:19,31
DA:20,31
DA:21,31
DA:22,31
DA:23,31
DA:24,31
DA:26,31
DA:28,31
DA:29,15
DA:30,14
DA:31,7
DA:32,7
DA:34,7
DA:35,7
DA:37,14
DA:38,14
DA:39,14
DA:40,8
DA:42,8
DA:43,8
DA:44,3
DA:46,5
DA:49,14
DA:53,31
DA:89,3
DA:96,9
LF:26
LH:26
BRDA:29,0,0,14
BRDA:29,0,1,1
BRDA:30,1,0,7
BRDA:30,1,1,7
BRDA:40,2,0,7
BRDA:40,2,1,1
BRDA:41,3,0,1
BRDA:41,3,1,0
BRDA:43,4,0,3
BRDA:43,4,1,5
BRF:10
BRH:9
end_of_record
TN:
SF:src\Components\RecipesDetails\RecipesCard.js
FN:6,RecipesCard
FN:9,(anonymous_1)
FN:23,(anonymous_2)
FN:27,(anonymous_3)
FN:39,(anonymous_4)
FN:41,(anonymous_5)
FNF:6
FNH:3
FNDA:35,RecipesCard
FNDA:1,(anonymous_1)
FNDA:0,(anonymous_2)
FNDA:0,(anonymous_3)
FNDA:31,(anonymous_4)
FNDA:0,(anonymous_5)
DA:7,35
DA:9,35
DA:10,1
DA:11,1
DA:12,1
DA:22,1
DA:23,1
DA:25,1
DA:26,0
DA:27,0
DA:29,0
DA:31,0
DA:33,1
DA:35,1
DA:39,35
DA:40,31
DA:41,31
DA:42,31
DA:45,35
DA:48,35
DA:113,9
DA:116,9
LF:22
LH:18
BRDA:10,0,0,1
BRDA:10,0,1,0
BRDA:11,1,0,1
BRDA:11,1,1,0
BRDA:15,2,0,1
BRDA:15,2,1,1
BRDA:22,3,0,1
BRDA:22,3,1,1
BRDA:25,4,0,0
BRDA:25,4,1,1
BRDA:40,5,0,31
BRDA:40,5,1,31
BRDA:45,6,0,2
BRDA:45,6,1,33
BRDA:50,7,0,35
BRDA:50,7,1,22
BRDA:90,8,0,9
BRDA:90,8,1,13
BRF:18
BRH:15
end_of_record
TN:
SF:src\Components\Review\setReview\Review.jsx
FN:6,Review
FN:12,(anonymous_1)
FN:27,(anonymous_2)
FN:36,(anonymous_3)
FN:43,(anonymous_4)
FN:46,(anonymous_5)
FN:49,(anonymous_6)
FNF:7
FNH:2
FNDA:8,Review
FNDA:0,(anonymous_1)
FNDA:0,(anonymous_2)
FNDA:0,(anonymous_3)
FNDA:0,(anonymous_4)
FNDA:6,(anonymous_5)
FNDA:0,(anonymous_6)
DA:7,8
DA:8,8
DA:9,8
DA:10,8
DA:12,8
DA:13,0
DA:14,0
DA:15,0
DA:21,0
DA:22,0
DA:23,0
DA:24,0
DA:27,8
DA:28,0
DA:29,0
DA:30,0
DA:31,0
DA:32,0
DA:36,8
DA:37,0
DA:38,0
DA:39,0
DA:40,0
DA:43,8
DA:44,0
DA:46,8
DA:47,6
DA:48,6
DA:49,6
DA:50,0
DA:54,8
DA:124,9
LF:32
LH:14
BRDA:22,0,0,0
BRDA:22,0,1,0
BRDA:31,1,0,0
BRDA:31,1,1,0
BRDA:31,2,0,0
BRDA:31,2,1,0
BRDA:39,3,0,0
BRDA:39,3,1,0
BRDA:39,4,0,0
BRDA:39,4,1,0
BRDA:48,5,0,6
BRDA:48,5,1,6
BRDA:49,6,0,0
BRDA:49,6,1,6
BRDA:57,7,0,8
BRDA:57,7,1,0
BRF:16
BRH:4
end_of_record
TN:
SF:src\Components\Review\showReview\ShowReview.jsx
FN:6,ShowReview
FN:10,(anonymous_1)
FN:14,(anonymous_2)
FN:22,(anonymous_3)
FN:23,(anonymous_4)
FNF:5
FNH:2
FNDA:30,ShowReview
FNDA:13,(anonymous_1)
FNDA:0,(anonymous_2)
FNDA:0,(anonymous_3)
FNDA:0,(anonymous_4)
DA:7,30
DA:8,30
DA:10,30
DA:11,13
DA:12,13
DA:13,13
DA:14,13
DA:15,0
DA:19,30
DA:22,0
DA:25,0
DA:38,9
LF:12
LH:9
BRDA:12,0,0,13
BRDA:12,0,1,13
BRDA:14,1,0,0
BRDA:14,1,1,13
BRDA:21,2,0,0
BRDA:21,2,1,30
BRF:6
BRH:4
end_of_record
TN:
SF:src\Context\Context.js
FN:5,Provider
FN:11,(anonymous_1)
FN:17,(anonymous_2)
FN:17,(anonymous_3)
FN:27,(anonymous_4)
FN:30,(anonymous_5)
FN:33,(anonymous_6)
FN:34,(anonymous_7)
FN:39,(anonymous_8)
FN:39,(anonymous_9)
FN:68,(anonymous_10)
FNF:11
FNH:11
FNDA:116,Provider
FNDA:56,(anonymous_1)
FNDA:41,(anonymous_2)
FNDA:17,(anonymous_3)
FNDA:726,(anonymous_4)
FNDA:726,(anonymous_5)
FNDA:87,(anonymous_6)
FNDA:87,(anonymous_7)
FNDA:41,(anonymous_8)
FNDA:39,(anonymous_9)
FNDA:87,(anonymous_10)
DA:4,9
DA:6,116
DA:7,116
DA:8,116
DA:9,116
DA:10,116
DA:11,116
DA:12,56
DA:13,40
DA:14,40
DA:16,116
DA:17,41
DA:18,17
DA:22,17
DA:23,17
DA:24,14
DA:25,14
DA:26,14
DA:27,726
DA:29,14
DA:30,726
DA:32,14
DA:33,87
DA:34,87
DA:35,14
DA:39,116
DA:40,39
DA:56,39
DA:57,39
DA:58,0
DA:60,39
DA:61,26
DA:62,0
DA:64,26
DA:67,116
DA:68,87
DA:83,116
DA:85,9
LF:38
LH:36
BRDA:14,0,0,40
BRDA:14,0,1,40
BRDA:27,1,0,726
BRDA:27,1,1,240
BRDA:30,2,0,726
BRDA:30,2,1,240
BRDA:30,2,2,144
BRDA:33,3,0,87
BRDA:33,3,1,87
BRDA:39,4,0,34
BRDA:57,5,0,0
BRDA:57,5,1,39
BRDA:57,6,0,39
BRDA:57,6,1,0
BRDA:61,7,0,0
BRDA:61,7,1,26
BRF:16
BRH:13
end_of_record
TN:
SF:src\Pages\index.js
FNF:0
FNH:0
LF:0
LH:0
BRF:0
BRH:0
end_of_record
TN:
SF:src\Pages\DetailsDrinks\DetailsDrinks.jsx
FN:6,DetailsDrinks
FNF:1
FNH:1
FNDA:6,DetailsDrinks
DA:7,6
DA:15,9
LF:2
LH:2
BRF:0
BRH:0
end_of_record
TN:
SF:src\Pages\DetailsMeals\DetailsMeals.jsx
FN:6,DetailsMeals
FNF:1
FNH:1
FNDA:7,DetailsMeals
DA:7,7
DA:15,9
LF:2
LH:2
BRF:0
BRH:0
end_of_record
TN:
SF:src\Pages\DoneRecipes\DoneRecipes.jsx
FN:14,DoneRecipes
FN:19,(anonymous_1)
FN:25,(anonymous_2)
FN:36,(anonymous_3)
FN:39,(anonymous_4)
FN:41,(anonymous_5)
FN:44,(anonymous_6)
FN:45,(anonymous_7)
FN:49,(anonymous_8)
FN:54,(anonymous_9)
FN:102,(anonymous_10)
FN:114,(anonymous_11)
FN:115,(anonymous_12)
FN:146,(anonymous_13)
FN:147,(anonymous_14)
FN:188,(anonymous_15)
FNF:16
FNH:14
FNDA:23,DoneRecipes
FNDA:28,(anonymous_1)
FNDA:7,(anonymous_2)
FNDA:1,(anonymous_3)
FNDA:1,(anonymous_4)
FNDA:2,(anonymous_5)
FNDA:1,(anonymous_6)
FNDA:2,(anonymous_7)
FNDA:7,(anonymous_8)
FNDA:14,(anonymous_9)
FNDA:14,(anonymous_10)
FNDA:0,(anonymous_11)
FNDA:2,(anonymous_12)
FNDA:0,(anonymous_13)
FNDA:1,(anonymous_14)
FNDA:14,(anonymous_15)
DA:15,23
DA:16,23
DA:17,23
DA:19,23
DA:20,28
DA:21,28
DA:25,23
DA:26,7
DA:27,7
DA:28,4
DA:29,4
DA:31,3
DA:32,3
DA:34,7
DA:36,23
DA:37,1
DA:39,23
DA:40,1
DA:41,2
DA:42,1
DA:44,23
DA:45,2
DA:46,1
DA:49,23
DA:50,7
DA:51,7
DA:54,23
DA:55,14
DA:57,23
DA:103,14
DA:115,2
DA:147,1
DA:189,14
DA:209,9
LF:34
LH:34
BRDA:20,0,0,28
BRDA:20,0,1,0
BRDA:27,1,0,4
BRDA:27,1,1,3
BRDA:27,2,0,7
BRDA:27,2,1,3
BRDA:61,3,0,7
BRDA:61,3,1,16
BRF:8
BRH:7
end_of_record
TN:
SF:src\Pages\Drinks\Drinks.jsx
FN:10,Drinks
FNF:1
FNH:1
FNDA:8,Drinks
DA:11,8
DA:21,9
LF:2
LH:2
BRF:0
BRH:0
end_of_record
TN:
SF:src\Pages\FavoriteRecipes\FavoriteRecipes.jsx
FN:14,FavoriteRecipes
FN:19,(anonymous_1)
FN:22,(anonymous_2)
FN:27,(anonymous_3)
FN:32,(anonymous_4)
FN:43,(anonymous_5)
FN:46,(anonymous_6)
FN:48,(anonymous_7)
FN:51,(anonymous_8)
FN:52,(anonymous_9)
FN:55,(anonymous_10)
FN:60,(anonymous_11)
FN:104,(anonymous_12)
FN:116,(anonymous_13)
FN:117,(anonymous_14)
FN:148,(anonymous_15)
FN:149,(anonymous_16)
FNF:17
FNH:5
FNDA:3,FavoriteRecipes
FNDA:0,(anonymous_1)
FNDA:0,(anonymous_2)
FNDA:4,(anonymous_3)
FNDA:1,(anonymous_4)
FNDA:0,(anonymous_5)
FNDA:0,(anonymous_6)
FNDA:0,(anonymous_7)
FNDA:0,(anonymous_8)
FNDA:0,(anonymous_9)
FNDA:1,(anonymous_10)
FNDA:2,(anonymous_11)
FNDA:0,(anonymous_12)
FNDA:0,(anonymous_13)
FNDA:0,(anonymous_14)
FNDA:0,(anonymous_15)
FNDA:0,(anonymous_16)
DA:15,3
DA:16,3
DA:17,3
DA:19,3
DA:20,0
DA:21,0
DA:22,0
DA:23,0
DA:24,0
DA:25,0
DA:27,3
DA:28,4
DA:29,4
DA:32,3
DA:33,1
DA:34,1
DA:35,1
DA:36,1
DA:38,0
DA:39,0
DA:41,1
DA:43,3
DA:44,0
DA:46,3
DA:47,0
DA:48,0
DA:49,0
DA:51,3
DA:52,0
DA:53,0
DA:55,3
DA:56,1
DA:57,1
DA:60,3
DA:61,2
DA:64,3
DA:105,0
DA:117,0
DA:149,0
DA:212,9
LF:40
LH:23
BRDA:21,0,0,0
BRDA:21,0,1,0
BRDA:28,1,0,4
BRDA:28,1,1,0
BRDA:34,2,0,1
BRDA:34,2,1,0
BRDA:34,3,0,1
BRDA:34,3,1,0
BRDA:68,4,0,1
BRDA:68,4,1,2
BRF:10
BRH:5
end_of_record
TN:
SF:src\Pages\Login\Login.jsx
FN:15,Login
FN:22,(anonymous_1)
FN:37,(anonymous_2)
FN:50,(anonymous_3)
FNF:4
FNH:3
FNDA:47,Login
FNDA:0,(anonymous_1)
FNDA:2,(anonymous_2)
FNDA:44,(anonymous_3)
DA:16,47
DA:17,47
DA:18,47
DA:19,47
DA:21,47
DA:22,47
DA:23,0
DA:24,0
DA:25,0
DA:29,0
DA:30,0
DA:31,0
DA:33,0
DA:37,47
DA:38,2
DA:39,2
DA:40,2
DA:41,0
DA:42,0
DA:43,0
DA:47,0
DA:48,0
DA:50,47
DA:51,44
DA:52,44
DA:53,44
DA:54,44
DA:55,44
DA:56,44
DA:57,30
DA:58,30
DA:59,30
DA:60,44
DA:61,14
DA:62,14
DA:63,14
DA:65,44
DA:66,4
DA:68,40
DA:72,47
DA:131,9
LF:41
LH:29
BRDA:56,0,0,30
BRDA:56,0,1,14
BRDA:58,1,0,30
BRDA:58,1,1,30
BRDA:60,2,0,14
BRDA:60,2,1,30
BRDA:63,3,0,14
BRDA:63,3,1,14
BRDA:65,4,0,4
BRDA:65,4,1,40
BRDA:65,5,0,44
BRDA:65,5,1,20
BRF:12
BRH:12
end_of_record
TN:
SF:src\Pages\Meals\Meals.jsx
FN:10,Meals
FNF:1
FNH:1
FNDA:12,Meals
DA:11,12
DA:21,9
LF:2
LH:2
BRF:0
BRH:0
end_of_record
TN:
SF:src\Pages\Profile\Profile.jsx
FN:12,Profile
FN:17,(anonymous_1)
FN:28,(anonymous_2)
FN:35,(anonymous_3)
FN:68,(anonymous_4)
FN:78,(anonymous_5)
FN:89,(anonymous_6)
FN:92,(anonymous_7)
FN:94,(anonymous_8)
FNF:9
FNH:8
FNDA:18,Profile
FNDA:9,(anonymous_1)
FNDA:1,(anonymous_2)
FNDA:9,(anonymous_3)
FNDA:2,(anonymous_4)
FNDA:1,(anonymous_5)
FNDA:1,(anonymous_6)
FNDA:1,(anonymous_7)
FNDA:0,(anonymous_8)
DA:13,18
DA:14,18
DA:15,18
DA:17,18
DA:18,9
DA:19,9
DA:20,9
DA:22,0
DA:23,0
DA:24,0
DA:28,18
DA:30,1
DA:31,1
DA:32,1
DA:35,18
DA:36,9
DA:38,18
DA:68,2
DA:78,1
DA:90,1
DA:91,1
DA:92,1
DA:93,1
DA:95,0
DA:97,1
DA:106,9
LF:26
LH:22
BRDA:19,0,0,9
BRDA:19,0,1,0
BRDA:53,1,0,18
BRDA:53,1,1,18
BRF:4
BRH:3
end_of_record
TN:
SF:src\Pages\RecipeDrinks\RecipeDrinks.jsx
FN:7,RecipeDrinks
FNF:1
FNH:1
FNDA:2,RecipeDrinks
DA:8,2
DA:16,9
LF:2
LH:2
BRF:0
BRH:0
end_of_record
TN:
SF:src\Pages\RecipeMeals\RecipeMeals.jsx
FN:7,RecipeMeals
FNF:1
FNH:1
FNDA:1,RecipeMeals
DA:8,1
DA:16,9
LF:2
LH:2
BRF:0
BRH:0
end_of_record
TN:
SF:src\utils\firebase.js
FNF:0
FNH:0
DA:10,9
DA:21,9
DA:23,9
DA:24,9
LF:4
LH:4
BRF:0
BRH:0
end_of_record
